2025-02-19 11:15:09,223 - INFO - Starting dependency check and installation...
2025-02-19 11:15:09,225 - INFO - Flask version 3.0.2 is already installed
2025-02-19 11:15:09,225 - INFO - pandas version 2.2.0 is already installed
2025-02-19 11:15:09,227 - INFO - numpy version 1.26.3 is already installed
2025-02-19 11:15:09,227 - INFO - scikit-learn version 1.4.0 is already installed
2025-02-19 11:15:09,228 - INFO - nltk version 3.8.1 is already installed
2025-02-19 11:15:09,228 - INFO - spacy version 3.7.2 is already installed
2025-02-19 11:15:09,230 - INFO - transformers version 4.37.2 is already installed
2025-02-19 11:15:09,230 - INFO - pytest version 8.0.0 is already installed
2025-02-19 11:15:09,231 - INFO - requests version 2.31.0 is already installed
2025-02-19 11:15:09,232 - INFO - black version 24.1.1 is already installed
2025-02-19 11:15:09,232 - INFO - python-json-logger version 2.0.7 is already installed
2025-02-19 11:15:09,232 - INFO - joblib version 1.3.2 is already installed
2025-02-19 11:15:09,232 - INFO - sphinx version 7.2.6 is already installed
2025-02-19 11:15:09,233 - INFO - sphinx-rtd-theme version 2.0.0 is already installed
2025-02-19 11:15:09,233 - INFO - tqdm version 4.66.1 is already installed
2025-02-19 11:15:09,234 - INFO - python-dotenv version 1.0.1 is already installed
2025-02-19 11:15:09,234 - INFO - click version 8.1.7 is already installed
2025-02-19 11:15:09,234 - INFO - Setting up NLTK...
2025-02-19 11:15:12,180 - INFO - Downloading NLTK package: punkt
2025-02-19 11:15:12,466 - INFO - Downloading NLTK package: stopwords
2025-02-19 11:15:12,669 - INFO - Downloading NLTK package: wordnet
2025-02-19 11:15:12,855 - INFO - Setting up SpaCy...
2025-02-19 11:15:29,564 - INFO - All dependencies installed successfully!
2025-02-20 15:49:12,741 - INFO - Starting dependency check and installation...
2025-02-20 15:49:12,743 - INFO - Flask version 3.0.2 is already installed
2025-02-20 15:49:12,744 - INFO - pandas version 2.2.0 is already installed
2025-02-20 15:49:12,748 - INFO - numpy version 1.26.3 is already installed
2025-02-20 15:49:12,748 - INFO - scikit-learn version 1.4.0 is already installed
2025-02-20 15:49:12,749 - INFO - nltk version 3.8.1 is already installed
2025-02-20 15:49:12,750 - INFO - scispacy  is already installed
2025-02-20 15:49:12,750 - INFO - spacy version 3.7.2 is already installed
2025-02-20 15:49:12,752 - INFO - transformers version 4.37.2 is already installed
2025-02-20 15:49:12,753 - INFO - pytest version 8.0.0 is already installed
2025-02-20 15:49:12,754 - INFO - requests version 2.31.0 is already installed
2025-02-20 15:49:12,758 - INFO - black version 24.1.1 is already installed
2025-02-20 15:49:12,758 - INFO - python-json-logger version 2.0.7 is already installed
2025-02-20 15:49:12,759 - INFO - joblib version 1.3.2 is already installed
2025-02-20 15:49:12,759 - INFO - sphinx version 7.2.6 is already installed
2025-02-20 15:49:12,760 - INFO - sphinx-rtd-theme version 2.0.0 is already installed
2025-02-20 15:49:12,761 - INFO - tqdm version 4.66.1 is already installed
2025-02-20 15:49:12,762 - INFO - python-dotenv version 1.0.1 is already installed
2025-02-20 15:49:12,762 - INFO - click version 8.1.7 is already installed
2025-02-20 15:49:12,762 - INFO - Setting up NLTK...
2025-02-20 15:49:13,344 - INFO - Downloading NLTK package: punkt
2025-02-20 15:49:13,493 - INFO - Downloading NLTK package: stopwords
2025-02-20 15:49:13,569 - INFO - Downloading NLTK package: wordnet
2025-02-20 15:49:13,654 - INFO - Setting up SpaCy...
2025-02-20 15:49:28,151 - INFO - All dependencies installed successfully!
2025-02-20 15:50:13,780 - INFO - Starting dependency check and installation...
2025-02-20 15:50:13,783 - INFO - Flask version 3.0.2 is already installed
2025-02-20 15:50:13,784 - INFO - pandas version 2.2.0 is already installed
2025-02-20 15:50:13,786 - INFO - numpy version 1.26.3 is already installed
2025-02-20 15:50:13,786 - INFO - scikit-learn version 1.4.0 is already installed
2025-02-20 15:50:13,786 - INFO - nltk version 3.8.1 is already installed
2025-02-20 15:50:13,787 - INFO - scispacy  is already installed
2025-02-20 15:50:13,787 - INFO - spacy version 3.7.2 is already installed
2025-02-20 15:50:13,789 - INFO - transformers version 4.37.2 is already installed
2025-02-20 15:50:13,789 - INFO - pytest version 8.0.0 is already installed
2025-02-20 15:50:13,789 - INFO - requests version 2.31.0 is already installed
2025-02-20 15:50:13,790 - INFO - black version 24.1.1 is already installed
2025-02-20 15:50:13,790 - INFO - python-json-logger version 2.0.7 is already installed
2025-02-20 15:50:13,790 - INFO - joblib version 1.3.2 is already installed
2025-02-20 15:50:13,791 - INFO - sphinx version 7.2.6 is already installed
2025-02-20 15:50:13,791 - INFO - sphinx-rtd-theme version 2.0.0 is already installed
2025-02-20 15:50:13,792 - INFO - tqdm version 4.66.1 is already installed
2025-02-20 15:50:13,792 - INFO - python-dotenv version 1.0.1 is already installed
2025-02-20 15:50:13,792 - INFO - click version 8.1.7 is already installed
2025-02-20 15:50:13,792 - INFO - Setting up NLTK...
2025-02-20 15:50:14,254 - INFO - Downloading NLTK package: punkt
2025-02-20 15:50:14,493 - INFO - Downloading NLTK package: stopwords
2025-02-20 15:50:14,569 - INFO - Downloading NLTK package: wordnet
2025-02-20 15:50:14,649 - INFO - Setting up SpaCy...
2025-02-20 15:50:16,707 - INFO - All dependencies installed successfully!
