{"timestamp": "2025-02-21T11:01:01.524399", "level": "INFO", "name": "src.preprocessing.preprocessing", "module": "preprocessing", "function": "add_step", "line": 223, "message": "Added preprocessing step: whitespace_normalizer", "taskName": null}
{"timestamp": "2025-02-21T11:01:01.524625", "level": "INFO", "name": "src.preprocessing.preprocessing", "module": "preprocessing", "function": "add_step", "line": 223, "message": "Added preprocessing step: length_normalizer", "taskName": null}
{"timestamp": "2025-02-21T11:01:01.524760", "level": "INFO", "name": "src.preprocessing.preprocessing", "module": "preprocessing", "function": "add_step", "line": 223, "message": "Added preprocessing step: special_character_cleaner", "taskName": null}
{"timestamp": "2025-02-21T11:01:01.524874", "level": "INFO", "name": "src.preprocessing.preprocessing", "module": "preprocessing", "function": "add_step", "line": 223, "message": "Added preprocessing step: medical_score_processor", "taskName": null}
{"timestamp": "2025-02-21T11:01:01.524989", "level": "INFO", "name": "src.preprocessing.preprocessing", "module": "preprocessing", "function": "add_step", "line": 223, "message": "Added preprocessing step: medical_abbreviation_normalizer", "taskName": null}
{"timestamp": "2025-02-21T11:01:01.525096", "level": "INFO", "name": "src.preprocessing.preprocessing", "module": "preprocessing", "function": "add_step", "line": 223, "message": "Added preprocessing step: medical_term_standardizer", "taskName": null}
{"timestamp": "2025-02-21T11:01:01.525196", "level": "INFO", "name": "src.preprocessing.preprocessing", "module": "preprocessing", "function": "add_step", "line": 223, "message": "Added preprocessing step: als_preprocessor", "taskName": null}
{"timestamp": "2025-02-21T11:01:01.525851", "level": "INFO", "name": "src.preprocessing.preprocessing", "module": "preprocessing", "function": "add_step", "line": 223, "message": "Added preprocessing step: domain_specific_stopword_handler", "taskName": null}
{"timestamp": "2025-02-21T11:01:01.525980", "level": "INFO", "name": "src.preprocessing.preprocessing", "module": "preprocessing", "function": "add_step", "line": 223, "message": "Added preprocessing step: medical_tokenizer", "taskName": null}
{"timestamp": "2025-02-21T11:01:01.526179", "level": "INFO", "name": "MedicalTextFeatureExtractor", "module": "tfidf_features", "function": "fit", "line": 189, "message": "Starting feature extraction pipeline fitting", "taskName": null}
{"timestamp": "2025-02-21T11:01:01.526299", "level": "ERROR", "name": "src.preprocessing.preprocessing", "module": "preprocessing", "function": "process", "line": 273, "message": "Error in preprocessing pipeline: expected string or bytes-like object, got 'ProcessingResult'", "taskName": null}
{"timestamp": "2025-02-21T11:02:08.278893", "level": "INFO", "name": "MedicalTfidfVectorizer", "module": "tfidf_features", "function": "fit", "line": 126, "message": "Fitting TF-IDF vectorizer", "taskName": null}
{"timestamp": "2025-02-21T11:02:08.279984", "level": "INFO", "name": "MedicalTfidfVectorizer", "module": "tfidf_features", "function": "transform", "line": 132, "message": "Transforming texts to TF-IDF features", "taskName": null}
{"timestamp": "2025-02-21T11:05:07.320183", "level": "INFO", "name": "src.preprocessing.preprocessing", "module": "preprocessing", "function": "add_step", "line": 223, "message": "Added preprocessing step: whitespace_normalizer", "taskName": null}
{"timestamp": "2025-02-21T11:05:07.320455", "level": "INFO", "name": "src.preprocessing.preprocessing", "module": "preprocessing", "function": "add_step", "line": 223, "message": "Added preprocessing step: length_normalizer", "taskName": null}
{"timestamp": "2025-02-21T11:05:07.320601", "level": "INFO", "name": "src.preprocessing.preprocessing", "module": "preprocessing", "function": "add_step", "line": 223, "message": "Added preprocessing step: special_character_cleaner", "taskName": null}
{"timestamp": "2025-02-21T11:05:07.320740", "level": "INFO", "name": "src.preprocessing.preprocessing", "module": "preprocessing", "function": "add_step", "line": 223, "message": "Added preprocessing step: medical_score_processor", "taskName": null}
{"timestamp": "2025-02-21T11:05:07.320874", "level": "INFO", "name": "src.preprocessing.preprocessing", "module": "preprocessing", "function": "add_step", "line": 223, "message": "Added preprocessing step: medical_abbreviation_normalizer", "taskName": null}
{"timestamp": "2025-02-21T11:05:07.321047", "level": "INFO", "name": "src.preprocessing.preprocessing", "module": "preprocessing", "function": "add_step", "line": 223, "message": "Added preprocessing step: medical_term_standardizer", "taskName": null}
{"timestamp": "2025-02-21T11:05:07.321155", "level": "INFO", "name": "src.preprocessing.preprocessing", "module": "preprocessing", "function": "add_step", "line": 223, "message": "Added preprocessing step: als_preprocessor", "taskName": null}
{"timestamp": "2025-02-21T11:05:07.324652", "level": "INFO", "name": "src.preprocessing.preprocessing", "module": "preprocessing", "function": "add_step", "line": 223, "message": "Added preprocessing step: domain_specific_stopword_handler", "taskName": null}
{"timestamp": "2025-02-21T11:05:07.324783", "level": "INFO", "name": "src.preprocessing.preprocessing", "module": "preprocessing", "function": "add_step", "line": 223, "message": "Added preprocessing step: medical_tokenizer", "taskName": null}
{"timestamp": "2025-02-21T11:05:07.324978", "level": "INFO", "name": "__main__", "module": "tfidf_features", "function": "<module>", "line": 306, "message": "Testing feature extraction pipeline...", "taskName": null}
{"timestamp": "2025-02-21T11:05:07.325012", "level": "INFO", "name": "MedicalTextFeatureExtractor", "module": "tfidf_features", "function": "fit", "line": 189, "message": "Starting feature extraction pipeline fitting", "taskName": null}
{"timestamp": "2025-02-21T11:05:07.325120", "level": "ERROR", "name": "src.preprocessing.preprocessing", "module": "preprocessing", "function": "process", "line": 273, "message": "Error in preprocessing pipeline: expected string or bytes-like object, got 'ProcessingResult'", "taskName": null}
{"timestamp": "2025-02-21T11:58:05.853248", "level": "INFO", "name": "src.preprocessing.preprocessing", "module": "preprocessing", "function": "add_step", "line": 225, "message": "Added preprocessing step: whitespace_normalizer", "taskName": null}
{"timestamp": "2025-02-21T11:58:05.853794", "level": "INFO", "name": "src.preprocessing.preprocessing", "module": "preprocessing", "function": "add_step", "line": 225, "message": "Added preprocessing step: length_normalizer", "taskName": null}
{"timestamp": "2025-02-21T11:58:05.853968", "level": "INFO", "name": "src.preprocessing.preprocessing", "module": "preprocessing", "function": "add_step", "line": 225, "message": "Added preprocessing step: special_character_cleaner", "taskName": null}
{"timestamp": "2025-02-21T11:58:05.854102", "level": "INFO", "name": "src.preprocessing.preprocessing", "module": "preprocessing", "function": "add_step", "line": 225, "message": "Added preprocessing step: medical_score_processor", "taskName": null}
{"timestamp": "2025-02-21T11:58:05.854221", "level": "INFO", "name": "src.preprocessing.preprocessing", "module": "preprocessing", "function": "add_step", "line": 225, "message": "Added preprocessing step: medical_abbreviation_normalizer", "taskName": null}
{"timestamp": "2025-02-21T11:58:05.854337", "level": "INFO", "name": "src.preprocessing.preprocessing", "module": "preprocessing", "function": "add_step", "line": 225, "message": "Added preprocessing step: medical_term_standardizer", "taskName": null}
{"timestamp": "2025-02-21T11:58:05.854445", "level": "INFO", "name": "src.preprocessing.preprocessing", "module": "preprocessing", "function": "add_step", "line": 225, "message": "Added preprocessing step: als_preprocessor", "taskName": null}
{"timestamp": "2025-02-21T11:58:05.855785", "level": "INFO", "name": "src.preprocessing.preprocessing", "module": "preprocessing", "function": "add_step", "line": 225, "message": "Added preprocessing step: domain_specific_stopword_handler", "taskName": null}
{"timestamp": "2025-02-21T11:58:05.855982", "level": "INFO", "name": "src.preprocessing.preprocessing", "module": "preprocessing", "function": "add_step", "line": 225, "message": "Added preprocessing step: medical_tokenizer", "taskName": null}
{"timestamp": "2025-02-21T11:58:05.856223", "level": "INFO", "name": "__main__", "module": "tfidf_features", "function": "<module>", "line": 306, "message": "Testing feature extraction pipeline...", "taskName": null}
{"timestamp": "2025-02-21T11:58:05.856263", "level": "INFO", "name": "MedicalTextFeatureExtractor", "module": "tfidf_features", "function": "fit", "line": 189, "message": "Starting feature extraction pipeline fitting", "taskName": null}
{"timestamp": "2025-02-21T11:58:05.859758", "level": "INFO", "name": "MedicalTfidfVectorizer", "module": "tfidf_features", "function": "fit", "line": 126, "message": "Fitting TF-IDF vectorizer", "taskName": null}
{"timestamp": "2025-02-21T11:58:05.860610", "level": "INFO", "name": "MedicalTextFeatureExtractor", "module": "tfidf_features", "function": "transform", "line": 204, "message": "Transforming texts to features", "taskName": null}
{"timestamp": "2025-02-21T11:58:05.862186", "level": "INFO", "name": "MedicalTfidfVectorizer", "module": "tfidf_features", "function": "transform", "line": 132, "message": "Transforming texts to TF-IDF features", "taskName": null}
{"timestamp": "2025-02-21T11:58:05.862866", "level": "INFO", "name": "__main__", "module": "tfidf_features", "function": "<module>", "line": 315, "message": "\nFeature Matrix Shape: (3, 51)", "taskName": null}
{"timestamp": "2025-02-21T11:58:05.862908", "level": "INFO", "name": "__main__", "module": "tfidf_features", "function": "<module>", "line": 316, "message": "\nFeature Information:", "taskName": null}
{"timestamp": "2025-02-21T11:58:05.862939", "level": "INFO", "name": "__main__", "module": "tfidf_features", "function": "<module>", "line": 317, "message": "- TF-IDF features: 47", "taskName": null}
{"timestamp": "2025-02-21T11:58:05.862967", "level": "INFO", "name": "__main__", "module": "tfidf_features", "function": "<module>", "line": 318, "message": "- Statistical features: 4", "taskName": null}
{"timestamp": "2025-02-21T11:58:05.862994", "level": "INFO", "name": "__main__", "module": "tfidf_features", "function": "<module>", "line": 321, "message": "\nDetailed analysis of first text:", "taskName": null}
{"timestamp": "2025-02-21T11:58:05.863031", "level": "INFO", "name": "__main__", "module": "tfidf_features", "function": "<module>", "line": 325, "message": "\nTop TF-IDF features:", "taskName": null}
{"timestamp": "2025-02-21T11:58:05.863068", "level": "INFO", "name": "__main__", "module": "tfidf_features", "function": "<module>", "line": 329, "message": "- 38: 0.3684", "taskName": null}
{"timestamp": "2025-02-21T11:58:05.863097", "level": "INFO", "name": "__main__", "module": "tfidf_features", "function": "<module>", "line": 329, "message": "- 42: 0.3684", "taskName": null}
{"timestamp": "2025-02-21T11:58:05.863124", "level": "INFO", "name": "__main__", "module": "tfidf_features", "function": "<module>", "line": 329, "message": "- 65: 0.3684", "taskName": null}
{"timestamp": "2025-02-21T11:58:05.863154", "level": "INFO", "name": "__main__", "module": "tfidf_features", "function": "<module>", "line": 329, "message": "- als: 0.2456", "taskName": null}
{"timestamp": "2025-02-21T11:58:05.863181", "level": "INFO", "name": "__main__", "module": "tfidf_features", "function": "<module>", "line": 329, "message": "- alsfr: 0.2456", "taskName": null}
{"timestamp": "2025-02-21T11:58:05.863208", "level": "INFO", "name": "__main__", "module": "tfidf_features", "function": "<module>", "line": 332, "message": "\nStatistical features:", "taskName": null}
{"timestamp": "2025-02-21T11:58:05.863265", "level": "INFO", "name": "__main__", "module": "tfidf_features", "function": "<module>", "line": 335, "message": "- length: 24.0000", "taskName": null}
{"timestamp": "2025-02-21T11:58:05.863293", "level": "INFO", "name": "__main__", "module": "tfidf_features", "function": "<module>", "line": 335, "message": "- medical_term_density: 0.0000", "taskName": null}
{"timestamp": "2025-02-21T11:58:05.863327", "level": "INFO", "name": "__main__", "module": "tfidf_features", "function": "<module>", "line": 335, "message": "- measurement_density: 0.2083", "taskName": null}
{"timestamp": "2025-02-21T11:58:05.863354", "level": "INFO", "name": "__main__", "module": "tfidf_features", "function": "<module>", "line": 335, "message": "- disease_term_density: 0.1250", "taskName": null}
{"timestamp": "2025-02-21T11:58:05.863382", "level": "INFO", "name": "__main__", "module": "tfidf_features", "function": "<module>", "line": 337, "message": "\nFeature extraction test completed successfully!", "taskName": null}
{"timestamp": "2025-02-21T12:15:57.914408", "level": "INFO", "name": "src.preprocessing.preprocessing", "module": "preprocessing", "function": "add_step", "line": 225, "message": "Added preprocessing step: whitespace_normalizer", "taskName": null}
{"timestamp": "2025-02-21T12:15:57.915315", "level": "INFO", "name": "src.preprocessing.preprocessing", "module": "preprocessing", "function": "add_step", "line": 225, "message": "Added preprocessing step: length_normalizer", "taskName": null}
{"timestamp": "2025-02-21T12:15:57.915455", "level": "INFO", "name": "src.preprocessing.preprocessing", "module": "preprocessing", "function": "add_step", "line": 225, "message": "Added preprocessing step: special_character_cleaner", "taskName": null}
{"timestamp": "2025-02-21T12:15:57.915576", "level": "INFO", "name": "src.preprocessing.preprocessing", "module": "preprocessing", "function": "add_step", "line": 225, "message": "Added preprocessing step: medical_score_processor", "taskName": null}
{"timestamp": "2025-02-21T12:15:57.915751", "level": "INFO", "name": "src.preprocessing.preprocessing", "module": "preprocessing", "function": "add_step", "line": 225, "message": "Added preprocessing step: medical_abbreviation_normalizer", "taskName": null}
{"timestamp": "2025-02-21T12:15:57.915918", "level": "INFO", "name": "src.preprocessing.preprocessing", "module": "preprocessing", "function": "add_step", "line": 225, "message": "Added preprocessing step: medical_term_standardizer", "taskName": null}
{"timestamp": "2025-02-21T12:15:57.916059", "level": "INFO", "name": "src.preprocessing.preprocessing", "module": "preprocessing", "function": "add_step", "line": 225, "message": "Added preprocessing step: als_preprocessor", "taskName": null}
{"timestamp": "2025-02-21T12:15:57.917118", "level": "INFO", "name": "src.preprocessing.preprocessing", "module": "preprocessing", "function": "add_step", "line": 225, "message": "Added preprocessing step: domain_specific_stopword_handler", "taskName": null}
{"timestamp": "2025-02-21T12:15:57.917249", "level": "INFO", "name": "src.preprocessing.preprocessing", "module": "preprocessing", "function": "add_step", "line": 225, "message": "Added preprocessing step: medical_tokenizer", "taskName": null}
{"timestamp": "2025-02-21T12:16:54.889092", "level": "INFO", "name": "src.preprocessing.preprocessing", "module": "preprocessing", "function": "add_step", "line": 225, "message": "Added preprocessing step: whitespace_normalizer", "taskName": null}
{"timestamp": "2025-02-21T12:16:54.889422", "level": "INFO", "name": "src.preprocessing.preprocessing", "module": "preprocessing", "function": "add_step", "line": 225, "message": "Added preprocessing step: length_normalizer", "taskName": null}
{"timestamp": "2025-02-21T12:16:54.889592", "level": "INFO", "name": "src.preprocessing.preprocessing", "module": "preprocessing", "function": "add_step", "line": 225, "message": "Added preprocessing step: special_character_cleaner", "taskName": null}
{"timestamp": "2025-02-21T12:16:54.889734", "level": "INFO", "name": "src.preprocessing.preprocessing", "module": "preprocessing", "function": "add_step", "line": 225, "message": "Added preprocessing step: medical_score_processor", "taskName": null}
{"timestamp": "2025-02-21T12:16:54.889858", "level": "INFO", "name": "src.preprocessing.preprocessing", "module": "preprocessing", "function": "add_step", "line": 225, "message": "Added preprocessing step: medical_abbreviation_normalizer", "taskName": null}
{"timestamp": "2025-02-21T12:16:54.890019", "level": "INFO", "name": "src.preprocessing.preprocessing", "module": "preprocessing", "function": "add_step", "line": 225, "message": "Added preprocessing step: medical_term_standardizer", "taskName": null}
{"timestamp": "2025-02-21T12:16:54.890130", "level": "INFO", "name": "src.preprocessing.preprocessing", "module": "preprocessing", "function": "add_step", "line": 225, "message": "Added preprocessing step: als_preprocessor", "taskName": null}
{"timestamp": "2025-02-21T12:16:54.890636", "level": "INFO", "name": "src.preprocessing.preprocessing", "module": "preprocessing", "function": "add_step", "line": 225, "message": "Added preprocessing step: domain_specific_stopword_handler", "taskName": null}
{"timestamp": "2025-02-21T12:16:54.890752", "level": "INFO", "name": "src.preprocessing.preprocessing", "module": "preprocessing", "function": "add_step", "line": 225, "message": "Added preprocessing step: medical_tokenizer", "taskName": null}
{"timestamp": "2025-02-21T12:20:09.737269", "level": "INFO", "name": "src.preprocessing.preprocessing", "module": "preprocessing", "function": "add_step", "line": 225, "message": "Added preprocessing step: whitespace_normalizer", "taskName": null}
{"timestamp": "2025-02-21T12:20:09.737620", "level": "INFO", "name": "src.preprocessing.preprocessing", "module": "preprocessing", "function": "add_step", "line": 225, "message": "Added preprocessing step: length_normalizer", "taskName": null}
{"timestamp": "2025-02-21T12:20:09.737776", "level": "INFO", "name": "src.preprocessing.preprocessing", "module": "preprocessing", "function": "add_step", "line": 225, "message": "Added preprocessing step: special_character_cleaner", "taskName": null}
{"timestamp": "2025-02-21T12:20:09.737915", "level": "INFO", "name": "src.preprocessing.preprocessing", "module": "preprocessing", "function": "add_step", "line": 225, "message": "Added preprocessing step: medical_score_processor", "taskName": null}
{"timestamp": "2025-02-21T12:20:09.738041", "level": "INFO", "name": "src.preprocessing.preprocessing", "module": "preprocessing", "function": "add_step", "line": 225, "message": "Added preprocessing step: medical_abbreviation_normalizer", "taskName": null}
{"timestamp": "2025-02-21T12:20:09.738170", "level": "INFO", "name": "src.preprocessing.preprocessing", "module": "preprocessing", "function": "add_step", "line": 225, "message": "Added preprocessing step: medical_term_standardizer", "taskName": null}
{"timestamp": "2025-02-21T12:20:09.738294", "level": "INFO", "name": "src.preprocessing.preprocessing", "module": "preprocessing", "function": "add_step", "line": 225, "message": "Added preprocessing step: als_preprocessor", "taskName": null}
{"timestamp": "2025-02-21T12:20:09.738946", "level": "INFO", "name": "src.preprocessing.preprocessing", "module": "preprocessing", "function": "add_step", "line": 225, "message": "Added preprocessing step: domain_specific_stopword_handler", "taskName": null}
{"timestamp": "2025-02-21T12:20:09.739068", "level": "INFO", "name": "src.preprocessing.preprocessing", "module": "preprocessing", "function": "add_step", "line": 225, "message": "Added preprocessing step: medical_tokenizer", "taskName": null}
{"timestamp": "2025-02-21T12:20:10.389872", "level": "INFO", "name": "EpochLogger", "module": "word_embeddings", "function": "on_epoch_end", "line": 21, "message": "Finished epoch 0", "taskName": null}
{"timestamp": "2025-02-21T12:20:10.390497", "level": "INFO", "name": "EpochLogger", "module": "word_embeddings", "function": "on_epoch_end", "line": 21, "message": "Finished epoch 1", "taskName": null}
{"timestamp": "2025-02-21T12:20:10.391091", "level": "INFO", "name": "EpochLogger", "module": "word_embeddings", "function": "on_epoch_end", "line": 21, "message": "Finished epoch 2", "taskName": null}
{"timestamp": "2025-02-21T12:20:10.391497", "level": "INFO", "name": "EpochLogger", "module": "word_embeddings", "function": "on_epoch_end", "line": 21, "message": "Finished epoch 3", "taskName": null}
{"timestamp": "2025-02-21T12:20:10.391930", "level": "INFO", "name": "EpochLogger", "module": "word_embeddings", "function": "on_epoch_end", "line": 21, "message": "Finished epoch 4", "taskName": null}
{"timestamp": "2025-02-21T12:20:10.392245", "level": "INFO", "name": "MedicalWordEmbeddings", "module": "word_embeddings", "function": "train", "line": 108, "message": "Trained fasttext model with vocabulary size: 18", "taskName": null}
{"timestamp": "2025-02-21T15:03:40.901069", "level": "INFO", "name": "src.preprocessing.preprocessing", "module": "preprocessing", "function": "add_step", "line": 225, "message": "Added preprocessing step: whitespace_normalizer", "taskName": null}
{"timestamp": "2025-02-21T15:03:40.901746", "level": "INFO", "name": "src.preprocessing.preprocessing", "module": "preprocessing", "function": "add_step", "line": 225, "message": "Added preprocessing step: length_normalizer", "taskName": null}
{"timestamp": "2025-02-21T15:03:40.901886", "level": "INFO", "name": "src.preprocessing.preprocessing", "module": "preprocessing", "function": "add_step", "line": 225, "message": "Added preprocessing step: special_character_cleaner", "taskName": null}
{"timestamp": "2025-02-21T15:03:40.902010", "level": "INFO", "name": "src.preprocessing.preprocessing", "module": "preprocessing", "function": "add_step", "line": 225, "message": "Added preprocessing step: medical_score_processor", "taskName": null}
{"timestamp": "2025-02-21T15:03:40.902126", "level": "INFO", "name": "src.preprocessing.preprocessing", "module": "preprocessing", "function": "add_step", "line": 225, "message": "Added preprocessing step: medical_abbreviation_normalizer", "taskName": null}
{"timestamp": "2025-02-21T15:03:40.902242", "level": "INFO", "name": "src.preprocessing.preprocessing", "module": "preprocessing", "function": "add_step", "line": 225, "message": "Added preprocessing step: medical_term_standardizer", "taskName": null}
{"timestamp": "2025-02-21T15:03:40.902360", "level": "INFO", "name": "src.preprocessing.preprocessing", "module": "preprocessing", "function": "add_step", "line": 225, "message": "Added preprocessing step: als_preprocessor", "taskName": null}
{"timestamp": "2025-02-21T15:03:40.903685", "level": "INFO", "name": "src.preprocessing.preprocessing", "module": "preprocessing", "function": "add_step", "line": 225, "message": "Added preprocessing step: domain_specific_stopword_handler", "taskName": null}
{"timestamp": "2025-02-21T15:03:40.903819", "level": "INFO", "name": "src.preprocessing.preprocessing", "module": "preprocessing", "function": "add_step", "line": 225, "message": "Added preprocessing step: medical_tokenizer", "taskName": null}
{"timestamp": "2025-02-21T15:03:41.566732", "level": "INFO", "name": "EpochLogger", "module": "word_embeddings", "function": "on_epoch_end", "line": 21, "message": "Finished epoch 0", "taskName": null}
{"timestamp": "2025-02-21T15:03:41.567492", "level": "INFO", "name": "EpochLogger", "module": "word_embeddings", "function": "on_epoch_end", "line": 21, "message": "Finished epoch 1", "taskName": null}
{"timestamp": "2025-02-21T15:03:41.568041", "level": "INFO", "name": "EpochLogger", "module": "word_embeddings", "function": "on_epoch_end", "line": 21, "message": "Finished epoch 2", "taskName": null}
{"timestamp": "2025-02-21T15:03:41.568801", "level": "INFO", "name": "EpochLogger", "module": "word_embeddings", "function": "on_epoch_end", "line": 21, "message": "Finished epoch 3", "taskName": null}
{"timestamp": "2025-02-21T15:03:41.569321", "level": "INFO", "name": "EpochLogger", "module": "word_embeddings", "function": "on_epoch_end", "line": 21, "message": "Finished epoch 4", "taskName": null}
{"timestamp": "2025-02-21T15:03:41.569593", "level": "INFO", "name": "MedicalWordEmbeddings", "module": "word_embeddings", "function": "train", "line": 108, "message": "Trained fasttext model with vocabulary size: 18", "taskName": null}
{"timestamp": "2025-02-21T15:03:41.570373", "level": "INFO", "name": "__main__", "module": "word_embeddings", "function": "<module>", "line": 213, "message": "\nDocument embedding shape: (100,)", "taskName": null}
{"timestamp": "2025-02-21T15:03:41.572404", "level": "INFO", "name": "__main__", "module": "word_embeddings", "function": "<module>", "line": 217, "message": "\nSimilar terms to 'respiratory':", "taskName": null}
{"timestamp": "2025-02-21T15:03:41.572444", "level": "INFO", "name": "__main__", "module": "word_embeddings", "function": "<module>", "line": 219, "message": "- (FVC): 0.1315", "taskName": null}
{"timestamp": "2025-02-21T15:03:41.572474", "level": "INFO", "name": "__main__", "module": "word_embeddings", "function": "<module>", "line": 219, "message": "- .: 0.1269", "taskName": null}
{"timestamp": "2025-02-21T15:03:41.572502", "level": "INFO", "name": "__main__", "module": "word_embeddings", "function": "<module>", "line": 219, "message": "- lateral: 0.1006", "taskName": null}
{"timestamp": "2025-02-21T15:03:41.572529", "level": "INFO", "name": "__main__", "module": "word_embeddings", "function": "<module>", "line": 219, "message": "- showing: 0.0653", "taskName": null}
{"timestamp": "2025-02-21T15:03:41.572557", "level": "INFO", "name": "__main__", "module": "word_embeddings", "function": "<module>", "line": 219, "message": "- C: 0.0494", "taskName": null}
{"timestamp": "2025-02-21T15:03:41.572584", "level": "INFO", "name": "__main__", "module": "word_embeddings", "function": "<module>", "line": 219, "message": "- orced: 0.0408", "taskName": null}
{"timestamp": "2025-02-21T15:03:41.572611", "level": "INFO", "name": "__main__", "module": "word_embeddings", "function": "<module>", "line": 219, "message": "- apacity: 0.0084", "taskName": null}
{"timestamp": "2025-02-21T15:03:41.572637", "level": "INFO", "name": "__main__", "module": "word_embeddings", "function": "<module>", "line": 219, "message": "- S-R: 0.0066", "taskName": null}
{"timestamp": "2025-02-21T15:03:41.572664", "level": "INFO", "name": "__main__", "module": "word_embeddings", "function": "<module>", "line": 219, "message": "- F: -0.0021", "taskName": null}
{"timestamp": "2025-02-21T15:03:41.572692", "level": "INFO", "name": "__main__", "module": "word_embeddings", "function": "<module>", "line": 219, "message": "- V: -0.0041", "taskName": null}
{"timestamp": "2025-02-21T15:03:41.700486", "level": "INFO", "name": "MedicalWordEmbeddings", "module": "word_embeddings", "function": "save_model", "line": 173, "message": "Model saved to medical_embeddings.model", "taskName": null}
{"timestamp": "2025-02-21T15:03:41.886614", "level": "INFO", "name": "MedicalWordEmbeddings", "module": "word_embeddings", "function": "load_model", "line": 183, "message": "Model loaded from medical_embeddings.model", "taskName": null}
{"timestamp": "2025-02-21T15:12:10.619895", "level": "ERROR", "name": "MedicalEntityRecognizer", "module": "entity_recognition", "function": "__init__", "line": 32, "message": "Biomedical model not found. Installing...", "taskName": null}
{"timestamp": "2025-02-21T16:40:23.240389", "level": "INFO", "name": "src.preprocessing.preprocessing", "module": "preprocessing", "function": "add_step", "line": 225, "message": "Added preprocessing step: whitespace_normalizer", "taskName": null}
{"timestamp": "2025-02-21T16:40:23.241509", "level": "INFO", "name": "src.preprocessing.preprocessing", "module": "preprocessing", "function": "add_step", "line": 225, "message": "Added preprocessing step: length_normalizer", "taskName": null}
{"timestamp": "2025-02-21T16:40:23.241664", "level": "INFO", "name": "src.preprocessing.preprocessing", "module": "preprocessing", "function": "add_step", "line": 225, "message": "Added preprocessing step: special_character_cleaner", "taskName": null}
{"timestamp": "2025-02-21T16:40:23.241783", "level": "INFO", "name": "src.preprocessing.preprocessing", "module": "preprocessing", "function": "add_step", "line": 225, "message": "Added preprocessing step: medical_score_processor", "taskName": null}
{"timestamp": "2025-02-21T16:40:23.241898", "level": "INFO", "name": "src.preprocessing.preprocessing", "module": "preprocessing", "function": "add_step", "line": 225, "message": "Added preprocessing step: medical_abbreviation_normalizer", "taskName": null}
{"timestamp": "2025-02-21T16:40:23.242015", "level": "INFO", "name": "src.preprocessing.preprocessing", "module": "preprocessing", "function": "add_step", "line": 225, "message": "Added preprocessing step: medical_term_standardizer", "taskName": null}
{"timestamp": "2025-02-21T16:40:23.242122", "level": "INFO", "name": "src.preprocessing.preprocessing", "module": "preprocessing", "function": "add_step", "line": 225, "message": "Added preprocessing step: als_preprocessor", "taskName": null}
{"timestamp": "2025-02-21T16:40:23.243437", "level": "INFO", "name": "src.preprocessing.preprocessing", "module": "preprocessing", "function": "add_step", "line": 225, "message": "Added preprocessing step: domain_specific_stopword_handler", "taskName": null}
{"timestamp": "2025-02-21T16:40:23.243614", "level": "INFO", "name": "src.preprocessing.preprocessing", "module": "preprocessing", "function": "add_step", "line": 225, "message": "Added preprocessing step: medical_tokenizer", "taskName": null}
{"timestamp": "2025-02-21T16:40:23.856826", "level": "INFO", "name": "EpochLogger", "module": "word_embeddings", "function": "on_epoch_end", "line": 20, "message": "Finished epoch 0", "taskName": null}
{"timestamp": "2025-02-21T16:40:23.857519", "level": "INFO", "name": "EpochLogger", "module": "word_embeddings", "function": "on_epoch_end", "line": 20, "message": "Finished epoch 1", "taskName": null}
{"timestamp": "2025-02-21T16:40:23.858040", "level": "INFO", "name": "EpochLogger", "module": "word_embeddings", "function": "on_epoch_end", "line": 20, "message": "Finished epoch 2", "taskName": null}
{"timestamp": "2025-02-21T16:40:23.858653", "level": "INFO", "name": "EpochLogger", "module": "word_embeddings", "function": "on_epoch_end", "line": 20, "message": "Finished epoch 3", "taskName": null}
{"timestamp": "2025-02-21T16:40:23.859147", "level": "INFO", "name": "EpochLogger", "module": "word_embeddings", "function": "on_epoch_end", "line": 20, "message": "Finished epoch 4", "taskName": null}
{"timestamp": "2025-02-21T16:40:23.859395", "level": "INFO", "name": "MedicalWordEmbeddings", "module": "word_embeddings", "function": "train", "line": 107, "message": "Trained fasttext model with vocabulary size: 18", "taskName": null}
{"timestamp": "2025-02-21T16:40:23.859928", "level": "INFO", "name": "__main__", "module": "word_embeddings", "function": "<module>", "line": 212, "message": "\nDocument embedding shape: (100,)", "taskName": null}
{"timestamp": "2025-02-21T16:40:23.861121", "level": "INFO", "name": "__main__", "module": "word_embeddings", "function": "<module>", "line": 216, "message": "\nSimilar terms to 'respiratory':", "taskName": null}
{"timestamp": "2025-02-21T16:40:23.861159", "level": "INFO", "name": "__main__", "module": "word_embeddings", "function": "<module>", "line": 218, "message": "- (FVC): 0.1315", "taskName": null}
{"timestamp": "2025-02-21T16:40:23.861188", "level": "INFO", "name": "__main__", "module": "word_embeddings", "function": "<module>", "line": 218, "message": "- .: 0.1269", "taskName": null}
{"timestamp": "2025-02-21T16:40:23.861216", "level": "INFO", "name": "__main__", "module": "word_embeddings", "function": "<module>", "line": 218, "message": "- lateral: 0.1006", "taskName": null}
{"timestamp": "2025-02-21T16:40:23.861243", "level": "INFO", "name": "__main__", "module": "word_embeddings", "function": "<module>", "line": 218, "message": "- showing: 0.0653", "taskName": null}
{"timestamp": "2025-02-21T16:40:23.861269", "level": "INFO", "name": "__main__", "module": "word_embeddings", "function": "<module>", "line": 218, "message": "- C: 0.0494", "taskName": null}
{"timestamp": "2025-02-21T16:40:23.861296", "level": "INFO", "name": "__main__", "module": "word_embeddings", "function": "<module>", "line": 218, "message": "- orced: 0.0408", "taskName": null}
{"timestamp": "2025-02-21T16:40:23.861322", "level": "INFO", "name": "__main__", "module": "word_embeddings", "function": "<module>", "line": 218, "message": "- apacity: 0.0084", "taskName": null}
{"timestamp": "2025-02-21T16:40:23.861366", "level": "INFO", "name": "__main__", "module": "word_embeddings", "function": "<module>", "line": 218, "message": "- S-R: 0.0066", "taskName": null}
{"timestamp": "2025-02-21T16:40:23.861391", "level": "INFO", "name": "__main__", "module": "word_embeddings", "function": "<module>", "line": 218, "message": "- F: -0.0021", "taskName": null}
{"timestamp": "2025-02-21T16:40:23.861418", "level": "INFO", "name": "__main__", "module": "word_embeddings", "function": "<module>", "line": 218, "message": "- V: -0.0041", "taskName": null}
{"timestamp": "2025-02-21T16:40:23.979706", "level": "INFO", "name": "MedicalWordEmbeddings", "module": "word_embeddings", "function": "save_model", "line": 172, "message": "Model saved to medical_embeddings.model", "taskName": null}
{"timestamp": "2025-02-21T16:40:24.176203", "level": "INFO", "name": "MedicalWordEmbeddings", "module": "word_embeddings", "function": "load_model", "line": 182, "message": "Model loaded from medical_embeddings.model", "taskName": null}
{"timestamp": "2025-02-21T16:43:44.050870", "level": "INFO", "name": "src.preprocessing.preprocessing", "module": "preprocessing", "function": "add_step", "line": 225, "message": "Added preprocessing step: whitespace_normalizer", "taskName": null}
{"timestamp": "2025-02-21T16:43:44.051318", "level": "INFO", "name": "src.preprocessing.preprocessing", "module": "preprocessing", "function": "add_step", "line": 225, "message": "Added preprocessing step: length_normalizer", "taskName": null}
{"timestamp": "2025-02-21T16:43:44.051506", "level": "INFO", "name": "src.preprocessing.preprocessing", "module": "preprocessing", "function": "add_step", "line": 225, "message": "Added preprocessing step: special_character_cleaner", "taskName": null}
{"timestamp": "2025-02-21T16:43:44.051656", "level": "INFO", "name": "src.preprocessing.preprocessing", "module": "preprocessing", "function": "add_step", "line": 225, "message": "Added preprocessing step: medical_score_processor", "taskName": null}
{"timestamp": "2025-02-21T16:43:44.051796", "level": "INFO", "name": "src.preprocessing.preprocessing", "module": "preprocessing", "function": "add_step", "line": 225, "message": "Added preprocessing step: medical_abbreviation_normalizer", "taskName": null}
{"timestamp": "2025-02-21T16:43:44.051923", "level": "INFO", "name": "src.preprocessing.preprocessing", "module": "preprocessing", "function": "add_step", "line": 225, "message": "Added preprocessing step: medical_term_standardizer", "taskName": null}
{"timestamp": "2025-02-21T16:43:44.052042", "level": "INFO", "name": "src.preprocessing.preprocessing", "module": "preprocessing", "function": "add_step", "line": 225, "message": "Added preprocessing step: als_preprocessor", "taskName": null}
{"timestamp": "2025-02-21T16:43:44.052680", "level": "INFO", "name": "src.preprocessing.preprocessing", "module": "preprocessing", "function": "add_step", "line": 225, "message": "Added preprocessing step: domain_specific_stopword_handler", "taskName": null}
{"timestamp": "2025-02-21T16:43:44.052818", "level": "INFO", "name": "src.preprocessing.preprocessing", "module": "preprocessing", "function": "add_step", "line": 225, "message": "Added preprocessing step: medical_tokenizer", "taskName": null}
{"timestamp": "2025-02-21T16:43:44.696040", "level": "INFO", "name": "EpochLogger", "module": "word_embeddings", "function": "on_epoch_end", "line": 20, "message": "Finished epoch 0", "taskName": null}
{"timestamp": "2025-02-21T16:43:44.696921", "level": "INFO", "name": "EpochLogger", "module": "word_embeddings", "function": "on_epoch_end", "line": 20, "message": "Finished epoch 1", "taskName": null}
{"timestamp": "2025-02-21T16:43:44.697538", "level": "INFO", "name": "EpochLogger", "module": "word_embeddings", "function": "on_epoch_end", "line": 20, "message": "Finished epoch 2", "taskName": null}
{"timestamp": "2025-02-21T16:43:44.698275", "level": "INFO", "name": "EpochLogger", "module": "word_embeddings", "function": "on_epoch_end", "line": 20, "message": "Finished epoch 3", "taskName": null}
{"timestamp": "2025-02-21T16:43:44.698853", "level": "INFO", "name": "EpochLogger", "module": "word_embeddings", "function": "on_epoch_end", "line": 20, "message": "Finished epoch 4", "taskName": null}
{"timestamp": "2025-02-21T16:43:44.699185", "level": "INFO", "name": "MedicalWordEmbeddings", "module": "word_embeddings", "function": "train", "line": 107, "message": "Trained fasttext model with vocabulary size: 18", "taskName": null}
{"timestamp": "2025-02-21T16:43:44.699818", "level": "INFO", "name": "__main__", "module": "word_embeddings", "function": "<module>", "line": 212, "message": "\nDocument embedding shape: (100,)", "taskName": null}
{"timestamp": "2025-02-21T16:43:44.700018", "level": "INFO", "name": "__main__", "module": "word_embeddings", "function": "<module>", "line": 216, "message": "\nSimilar terms to 'respiratory':", "taskName": null}
{"timestamp": "2025-02-21T16:43:44.700053", "level": "INFO", "name": "__main__", "module": "word_embeddings", "function": "<module>", "line": 218, "message": "- (FVC): 0.1315", "taskName": null}
{"timestamp": "2025-02-21T16:43:44.700083", "level": "INFO", "name": "__main__", "module": "word_embeddings", "function": "<module>", "line": 218, "message": "- .: 0.1269", "taskName": null}
{"timestamp": "2025-02-21T16:43:44.700112", "level": "INFO", "name": "__main__", "module": "word_embeddings", "function": "<module>", "line": 218, "message": "- lateral: 0.1006", "taskName": null}
{"timestamp": "2025-02-21T16:43:44.700139", "level": "INFO", "name": "__main__", "module": "word_embeddings", "function": "<module>", "line": 218, "message": "- showing: 0.0653", "taskName": null}
{"timestamp": "2025-02-21T16:43:44.700166", "level": "INFO", "name": "__main__", "module": "word_embeddings", "function": "<module>", "line": 218, "message": "- C: 0.0494", "taskName": null}
{"timestamp": "2025-02-21T16:43:44.700192", "level": "INFO", "name": "__main__", "module": "word_embeddings", "function": "<module>", "line": 218, "message": "- orced: 0.0408", "taskName": null}
{"timestamp": "2025-02-21T16:43:44.700218", "level": "INFO", "name": "__main__", "module": "word_embeddings", "function": "<module>", "line": 218, "message": "- apacity: 0.0084", "taskName": null}
{"timestamp": "2025-02-21T16:43:44.700244", "level": "INFO", "name": "__main__", "module": "word_embeddings", "function": "<module>", "line": 218, "message": "- S-R: 0.0066", "taskName": null}
{"timestamp": "2025-02-21T16:43:44.700270", "level": "INFO", "name": "__main__", "module": "word_embeddings", "function": "<module>", "line": 218, "message": "- F: -0.0021", "taskName": null}
{"timestamp": "2025-02-21T16:43:44.700298", "level": "INFO", "name": "__main__", "module": "word_embeddings", "function": "<module>", "line": 218, "message": "- V: -0.0041", "taskName": null}
{"timestamp": "2025-02-21T16:43:44.825778", "level": "INFO", "name": "MedicalWordEmbeddings", "module": "word_embeddings", "function": "save_model", "line": 172, "message": "Model saved to medical_embeddings.model", "taskName": null}
{"timestamp": "2025-02-21T16:43:45.013878", "level": "INFO", "name": "MedicalWordEmbeddings", "module": "word_embeddings", "function": "load_model", "line": 182, "message": "Model loaded from medical_embeddings.model", "taskName": null}
{"timestamp": "2025-02-21T16:44:33.197725", "level": "INFO", "name": "src.preprocessing.preprocessing", "module": "preprocessing", "function": "add_step", "line": 225, "message": "Added preprocessing step: whitespace_normalizer", "taskName": null}
{"timestamp": "2025-02-21T16:44:33.198169", "level": "INFO", "name": "src.preprocessing.preprocessing", "module": "preprocessing", "function": "add_step", "line": 225, "message": "Added preprocessing step: length_normalizer", "taskName": null}
{"timestamp": "2025-02-21T16:44:33.198343", "level": "INFO", "name": "src.preprocessing.preprocessing", "module": "preprocessing", "function": "add_step", "line": 225, "message": "Added preprocessing step: special_character_cleaner", "taskName": null}
{"timestamp": "2025-02-21T16:44:33.198490", "level": "INFO", "name": "src.preprocessing.preprocessing", "module": "preprocessing", "function": "add_step", "line": 225, "message": "Added preprocessing step: medical_score_processor", "taskName": null}
{"timestamp": "2025-02-21T16:44:33.198629", "level": "INFO", "name": "src.preprocessing.preprocessing", "module": "preprocessing", "function": "add_step", "line": 225, "message": "Added preprocessing step: medical_abbreviation_normalizer", "taskName": null}
{"timestamp": "2025-02-21T16:44:33.198762", "level": "INFO", "name": "src.preprocessing.preprocessing", "module": "preprocessing", "function": "add_step", "line": 225, "message": "Added preprocessing step: medical_term_standardizer", "taskName": null}
{"timestamp": "2025-02-21T16:44:33.198888", "level": "INFO", "name": "src.preprocessing.preprocessing", "module": "preprocessing", "function": "add_step", "line": 225, "message": "Added preprocessing step: als_preprocessor", "taskName": null}
{"timestamp": "2025-02-21T16:44:33.199497", "level": "INFO", "name": "src.preprocessing.preprocessing", "module": "preprocessing", "function": "add_step", "line": 225, "message": "Added preprocessing step: domain_specific_stopword_handler", "taskName": null}
{"timestamp": "2025-02-21T16:44:33.199640", "level": "INFO", "name": "src.preprocessing.preprocessing", "module": "preprocessing", "function": "add_step", "line": 225, "message": "Added preprocessing step: medical_tokenizer", "taskName": null}
{"timestamp": "2025-02-21T16:44:33.808832", "level": "INFO", "name": "EpochLogger", "module": "word_embeddings", "function": "on_epoch_end", "line": 20, "message": "Finished epoch 0", "taskName": null}
{"timestamp": "2025-02-21T16:44:33.809446", "level": "INFO", "name": "EpochLogger", "module": "word_embeddings", "function": "on_epoch_end", "line": 20, "message": "Finished epoch 1", "taskName": null}
{"timestamp": "2025-02-21T16:44:33.810148", "level": "INFO", "name": "EpochLogger", "module": "word_embeddings", "function": "on_epoch_end", "line": 20, "message": "Finished epoch 2", "taskName": null}
{"timestamp": "2025-02-21T16:44:33.810657", "level": "INFO", "name": "EpochLogger", "module": "word_embeddings", "function": "on_epoch_end", "line": 20, "message": "Finished epoch 3", "taskName": null}
{"timestamp": "2025-02-21T16:44:33.811220", "level": "INFO", "name": "EpochLogger", "module": "word_embeddings", "function": "on_epoch_end", "line": 20, "message": "Finished epoch 4", "taskName": null}
{"timestamp": "2025-02-21T16:44:33.811537", "level": "INFO", "name": "MedicalWordEmbeddings", "module": "word_embeddings", "function": "train", "line": 107, "message": "Trained fasttext model with vocabulary size: 18", "taskName": null}
{"timestamp": "2025-02-21T16:44:33.812109", "level": "INFO", "name": "__main__", "module": "word_embeddings", "function": "<module>", "line": 212, "message": "\nDocument embedding shape: (100,)", "taskName": null}
{"timestamp": "2025-02-21T16:44:33.812286", "level": "INFO", "name": "__main__", "module": "word_embeddings", "function": "<module>", "line": 216, "message": "\nSimilar terms to 'respiratory':", "taskName": null}
{"timestamp": "2025-02-21T16:44:33.812319", "level": "INFO", "name": "__main__", "module": "word_embeddings", "function": "<module>", "line": 218, "message": "- (FVC): 0.1315", "taskName": null}
{"timestamp": "2025-02-21T16:44:33.812349", "level": "INFO", "name": "__main__", "module": "word_embeddings", "function": "<module>", "line": 218, "message": "- .: 0.1269", "taskName": null}
{"timestamp": "2025-02-21T16:44:33.812377", "level": "INFO", "name": "__main__", "module": "word_embeddings", "function": "<module>", "line": 218, "message": "- lateral: 0.1006", "taskName": null}
{"timestamp": "2025-02-21T16:44:33.812404", "level": "INFO", "name": "__main__", "module": "word_embeddings", "function": "<module>", "line": 218, "message": "- showing: 0.0653", "taskName": null}
{"timestamp": "2025-02-21T16:44:33.812431", "level": "INFO", "name": "__main__", "module": "word_embeddings", "function": "<module>", "line": 218, "message": "- C: 0.0494", "taskName": null}
{"timestamp": "2025-02-21T16:44:33.812476", "level": "INFO", "name": "__main__", "module": "word_embeddings", "function": "<module>", "line": 218, "message": "- orced: 0.0408", "taskName": null}
{"timestamp": "2025-02-21T16:44:33.812503", "level": "INFO", "name": "__main__", "module": "word_embeddings", "function": "<module>", "line": 218, "message": "- apacity: 0.0084", "taskName": null}
{"timestamp": "2025-02-21T16:44:33.812529", "level": "INFO", "name": "__main__", "module": "word_embeddings", "function": "<module>", "line": 218, "message": "- S-R: 0.0066", "taskName": null}
{"timestamp": "2025-02-21T16:44:33.812555", "level": "INFO", "name": "__main__", "module": "word_embeddings", "function": "<module>", "line": 218, "message": "- F: -0.0021", "taskName": null}
{"timestamp": "2025-02-21T16:44:33.812585", "level": "INFO", "name": "__main__", "module": "word_embeddings", "function": "<module>", "line": 218, "message": "- V: -0.0041", "taskName": null}
{"timestamp": "2025-02-21T16:44:33.960586", "level": "INFO", "name": "MedicalWordEmbeddings", "module": "word_embeddings", "function": "save_model", "line": 172, "message": "Model saved to medical_embeddings.model", "taskName": null}
{"timestamp": "2025-02-21T16:44:34.087031", "level": "INFO", "name": "MedicalWordEmbeddings", "module": "word_embeddings", "function": "load_model", "line": 182, "message": "Model loaded from medical_embeddings.model", "taskName": null}
{"timestamp": "2025-02-21T16:48:27.392858", "level": "INFO", "name": "MedicalEntityRecognizer", "module": "entity_recognition", "function": "__init__", "line": 26, "message": "Initialized rule-based medical entity recognizer (spaCy and thinc disabled)", "taskName": null}
{"timestamp": "2025-02-21T16:48:27.393752", "level": "INFO", "name": "src.preprocessing.preprocessing", "module": "preprocessing", "function": "add_step", "line": 225, "message": "Added preprocessing step: whitespace_normalizer", "taskName": null}
{"timestamp": "2025-02-21T16:48:27.393927", "level": "INFO", "name": "src.preprocessing.preprocessing", "module": "preprocessing", "function": "add_step", "line": 225, "message": "Added preprocessing step: length_normalizer", "taskName": null}
{"timestamp": "2025-02-21T16:48:27.394085", "level": "INFO", "name": "src.preprocessing.preprocessing", "module": "preprocessing", "function": "add_step", "line": 225, "message": "Added preprocessing step: special_character_cleaner", "taskName": null}
{"timestamp": "2025-02-21T16:48:27.394217", "level": "INFO", "name": "src.preprocessing.preprocessing", "module": "preprocessing", "function": "add_step", "line": 225, "message": "Added preprocessing step: medical_score_processor", "taskName": null}
{"timestamp": "2025-02-21T16:48:27.394341", "level": "INFO", "name": "src.preprocessing.preprocessing", "module": "preprocessing", "function": "add_step", "line": 225, "message": "Added preprocessing step: medical_abbreviation_normalizer", "taskName": null}
{"timestamp": "2025-02-21T16:48:27.394462", "level": "INFO", "name": "src.preprocessing.preprocessing", "module": "preprocessing", "function": "add_step", "line": 225, "message": "Added preprocessing step: medical_term_standardizer", "taskName": null}
{"timestamp": "2025-02-21T16:48:27.394576", "level": "INFO", "name": "src.preprocessing.preprocessing", "module": "preprocessing", "function": "add_step", "line": 225, "message": "Added preprocessing step: als_preprocessor", "taskName": null}
{"timestamp": "2025-02-21T16:48:27.395272", "level": "INFO", "name": "src.preprocessing.preprocessing", "module": "preprocessing", "function": "add_step", "line": 225, "message": "Added preprocessing step: domain_specific_stopword_handler", "taskName": null}
{"timestamp": "2025-02-21T16:48:27.395400", "level": "INFO", "name": "src.preprocessing.preprocessing", "module": "preprocessing", "function": "add_step", "line": 225, "message": "Added preprocessing step: medical_tokenizer", "taskName": null}
{"timestamp": "2025-02-21T16:48:27.395447", "level": "INFO", "name": "__main__", "module": "entity_recognition", "function": "<module>", "line": 167, "message": "\nTesting entity extraction:", "taskName": null}
{"timestamp": "2025-02-21T16:48:27.395500", "level": "INFO", "name": "__main__", "module": "entity_recognition", "function": "<module>", "line": 169, "message": "\nText 1:", "taskName": null}
{"timestamp": "2025-02-21T16:48:27.398696", "level": "INFO", "name": "__main__", "module": "entity_recognition", "function": "<module>", "line": 172, "message": "ANATOMY: respiratory", "taskName": null}
{"timestamp": "2025-02-21T16:48:27.398740", "level": "INFO", "name": "__main__", "module": "entity_recognition", "function": "<module>", "line": 172, "message": "MEASUREMENT: score", "taskName": null}
{"timestamp": "2025-02-21T16:48:27.398771", "level": "INFO", "name": "__main__", "module": "entity_recognition", "function": "<module>", "line": 172, "message": "ALS_symptoms: respiratory decline", "taskName": null}
{"timestamp": "2025-02-21T16:48:27.398801", "level": "INFO", "name": "__main__", "module": "entity_recognition", "function": "<module>", "line": 172, "message": "ALS_measurements: FVC", "taskName": null}
{"timestamp": "2025-02-21T16:48:27.398829", "level": "INFO", "name": "__main__", "module": "entity_recognition", "function": "<module>", "line": 169, "message": "\nText 2:", "taskName": null}
{"timestamp": "2025-02-21T16:48:27.399248", "level": "INFO", "name": "__main__", "module": "entity_recognition", "function": "<module>", "line": 172, "message": "SYMPTOM: symptom, sign", "taskName": null}
{"timestamp": "2025-02-21T16:48:27.399281", "level": "INFO", "name": "__main__", "module": "entity_recognition", "function": "<module>", "line": 172, "message": "ANATOMY: respiratory", "taskName": null}
{"timestamp": "2025-02-21T16:48:27.399312", "level": "INFO", "name": "__main__", "module": "entity_recognition", "function": "<module>", "line": 175, "message": "\nTesting feature extraction:", "taskName": null}
{"timestamp": "2025-02-21T16:48:27.399857", "level": "INFO", "name": "__main__", "module": "entity_recognition", "function": "<module>", "line": 178, "message": "total_entities: 4.0000", "taskName": null}
{"timestamp": "2025-02-21T16:48:27.399927", "level": "INFO", "name": "__main__", "module": "entity_recognition", "function": "<module>", "line": 178, "message": "unique_entity_types: 4.0000", "taskName": null}
{"timestamp": "2025-02-21T16:48:27.399960", "level": "INFO", "name": "__main__", "module": "entity_recognition", "function": "<module>", "line": 178, "message": "disease_density: 0.0000", "taskName": null}
{"timestamp": "2025-02-21T16:48:27.399989", "level": "INFO", "name": "__main__", "module": "entity_recognition", "function": "<module>", "line": 178, "message": "symptom_density: 0.0000", "taskName": null}
{"timestamp": "2025-02-21T16:48:27.400016", "level": "INFO", "name": "__main__", "module": "entity_recognition", "function": "<module>", "line": 178, "message": "anatomy_density: 0.0476", "taskName": null}
{"timestamp": "2025-02-21T16:48:27.400042", "level": "INFO", "name": "__main__", "module": "entity_recognition", "function": "<module>", "line": 178, "message": "medication_density: 0.0000", "taskName": null}
{"timestamp": "2025-02-21T16:48:27.400070", "level": "INFO", "name": "__main__", "module": "entity_recognition", "function": "<module>", "line": 178, "message": "measurement_density: 0.0476", "taskName": null}
{"timestamp": "2025-02-21T16:48:27.400098", "level": "INFO", "name": "__main__", "module": "entity_recognition", "function": "<module>", "line": 178, "message": "disease_specific_entities: 2.0000", "taskName": null}
{"timestamp": "2025-02-21T16:52:01.411516", "level": "INFO", "name": "__main__", "module": "text_statistics", "function": "<module>", "line": 179, "message": "\nAnalyzing ALS text:", "taskName": null}
{"timestamp": "2025-02-21T16:52:01.412278", "level": "INFO", "name": "src.preprocessing.preprocessing", "module": "preprocessing", "function": "add_step", "line": 225, "message": "Added preprocessing step: whitespace_normalizer", "taskName": null}
{"timestamp": "2025-02-21T16:52:01.412465", "level": "INFO", "name": "src.preprocessing.preprocessing", "module": "preprocessing", "function": "add_step", "line": 225, "message": "Added preprocessing step: length_normalizer", "taskName": null}
{"timestamp": "2025-02-21T16:52:01.412612", "level": "INFO", "name": "src.preprocessing.preprocessing", "module": "preprocessing", "function": "add_step", "line": 225, "message": "Added preprocessing step: special_character_cleaner", "taskName": null}
{"timestamp": "2025-02-21T16:52:01.412734", "level": "INFO", "name": "src.preprocessing.preprocessing", "module": "preprocessing", "function": "add_step", "line": 225, "message": "Added preprocessing step: medical_score_processor", "taskName": null}
{"timestamp": "2025-02-21T16:52:01.412848", "level": "INFO", "name": "src.preprocessing.preprocessing", "module": "preprocessing", "function": "add_step", "line": 225, "message": "Added preprocessing step: medical_abbreviation_normalizer", "taskName": null}
{"timestamp": "2025-02-21T16:52:01.412968", "level": "INFO", "name": "src.preprocessing.preprocessing", "module": "preprocessing", "function": "add_step", "line": 225, "message": "Added preprocessing step: medical_term_standardizer", "taskName": null}
{"timestamp": "2025-02-21T16:52:01.413082", "level": "INFO", "name": "src.preprocessing.preprocessing", "module": "preprocessing", "function": "add_step", "line": 225, "message": "Added preprocessing step: als_preprocessor", "taskName": null}
{"timestamp": "2025-02-21T16:52:01.413729", "level": "INFO", "name": "src.preprocessing.preprocessing", "module": "preprocessing", "function": "add_step", "line": 225, "message": "Added preprocessing step: domain_specific_stopword_handler", "taskName": null}
{"timestamp": "2025-02-21T16:52:01.413866", "level": "INFO", "name": "src.preprocessing.preprocessing", "module": "preprocessing", "function": "add_step", "line": 225, "message": "Added preprocessing step: medical_tokenizer", "taskName": null}
{"timestamp": "2025-02-21T16:52:01.416963", "level": "INFO", "name": "__main__", "module": "text_statistics", "function": "<module>", "line": 191, "message": "\nText Statistics:", "taskName": null}
{"timestamp": "2025-02-21T16:52:01.417007", "level": "INFO", "name": "__main__", "module": "text_statistics", "function": "<module>", "line": 193, "message": "word_count: 28.0000", "taskName": null}
{"timestamp": "2025-02-21T16:52:01.417042", "level": "INFO", "name": "__main__", "module": "text_statistics", "function": "<module>", "line": 193, "message": "sentence_count: 3.0000", "taskName": null}
{"timestamp": "2025-02-21T16:52:01.417077", "level": "INFO", "name": "__main__", "module": "text_statistics", "function": "<module>", "line": 193, "message": "avg_sentence_length: 9.3333", "taskName": null}
{"timestamp": "2025-02-21T16:52:01.417105", "level": "INFO", "name": "__main__", "module": "text_statistics", "function": "<module>", "line": 193, "message": "avg_word_length: 4.3929", "taskName": null}
{"timestamp": "2025-02-21T16:52:01.417133", "level": "INFO", "name": "__main__", "module": "text_statistics", "function": "<module>", "line": 193, "message": "scores_count: 0.0000", "taskName": null}
{"timestamp": "2025-02-21T16:52:01.417159", "level": "INFO", "name": "__main__", "module": "text_statistics", "function": "<module>", "line": 193, "message": "percentages_count: 2.0000", "taskName": null}
{"timestamp": "2025-02-21T16:52:01.417186", "level": "INFO", "name": "__main__", "module": "text_statistics", "function": "<module>", "line": 193, "message": "ranges_count: 1.0000", "taskName": null}
{"timestamp": "2025-02-21T16:52:01.417212", "level": "INFO", "name": "__main__", "module": "text_statistics", "function": "<module>", "line": 193, "message": "units_count: 0.0000", "taskName": null}
{"timestamp": "2025-02-21T16:52:01.417239", "level": "INFO", "name": "__main__", "module": "text_statistics", "function": "<module>", "line": 193, "message": "plus_minus_count: 0.0000", "taskName": null}
{"timestamp": "2025-02-21T16:52:01.417267", "level": "INFO", "name": "__main__", "module": "text_statistics", "function": "<module>", "line": 193, "message": "measurement_density: 0.1429", "taskName": null}
{"timestamp": "2025-02-21T16:52:01.417302", "level": "INFO", "name": "__main__", "module": "text_statistics", "function": "<module>", "line": 193, "message": "als_scores_count: 2.0000", "taskName": null}
{"timestamp": "2025-02-21T16:52:01.417329", "level": "INFO", "name": "__main__", "module": "text_statistics", "function": "<module>", "line": 193, "message": "als_measurements_count: 0.0000", "taskName": null}
{"timestamp": "2025-02-21T16:52:01.417354", "level": "INFO", "name": "__main__", "module": "text_statistics", "function": "<module>", "line": 193, "message": "als_time_patterns_count: 0.0000", "taskName": null}
{"timestamp": "2025-02-21T16:52:01.417381", "level": "INFO", "name": "__main__", "module": "text_statistics", "function": "<module>", "line": 193, "message": "avg_syllables_per_word: 2.1429", "taskName": null}
{"timestamp": "2025-02-21T16:52:01.417406", "level": "INFO", "name": "__main__", "module": "text_statistics", "function": "<module>", "line": 193, "message": "complex_words_ratio: 0.3333", "taskName": null}
{"timestamp": "2025-02-21T16:52:01.417434", "level": "INFO", "name": "__main__", "module": "text_statistics", "function": "<module>", "line": 193, "message": "flesch_reading_ease: 18.4443", "taskName": null}
{"timestamp": "2025-02-21T16:52:01.417956", "level": "INFO", "name": "__main__", "module": "text_statistics", "function": "<module>", "line": 197, "message": "\nFeature vector shape: (16,)", "taskName": null}
{"timestamp": "2025-02-21T16:52:01.418151", "level": "INFO", "name": "__main__", "module": "text_statistics", "function": "<module>", "line": 201, "message": "Number of features: 16", "taskName": null}
{"timestamp": "2025-02-21T16:52:01.418181", "level": "INFO", "name": "__main__", "module": "text_statistics", "function": "<module>", "line": 179, "message": "\nAnalyzing OCD text:", "taskName": null}
{"timestamp": "2025-02-21T16:52:01.418256", "level": "INFO", "name": "src.preprocessing.preprocessing", "module": "preprocessing", "function": "add_step", "line": 225, "message": "Added preprocessing step: whitespace_normalizer", "taskName": null}
{"timestamp": "2025-02-21T16:52:01.418288", "level": "INFO", "name": "src.preprocessing.preprocessing", "module": "preprocessing", "function": "add_step", "line": 225, "message": "Added preprocessing step: length_normalizer", "taskName": null}
{"timestamp": "2025-02-21T16:52:01.418324", "level": "INFO", "name": "src.preprocessing.preprocessing", "module": "preprocessing", "function": "add_step", "line": 225, "message": "Added preprocessing step: special_character_cleaner", "taskName": null}
{"timestamp": "2025-02-21T16:52:01.418356", "level": "INFO", "name": "src.preprocessing.preprocessing", "module": "preprocessing", "function": "add_step", "line": 225, "message": "Added preprocessing step: medical_score_processor", "taskName": null}
{"timestamp": "2025-02-21T16:52:01.418390", "level": "INFO", "name": "src.preprocessing.preprocessing", "module": "preprocessing", "function": "add_step", "line": 225, "message": "Added preprocessing step: medical_abbreviation_normalizer", "taskName": null}
{"timestamp": "2025-02-21T16:52:01.418422", "level": "INFO", "name": "src.preprocessing.preprocessing", "module": "preprocessing", "function": "add_step", "line": 225, "message": "Added preprocessing step: medical_term_standardizer", "taskName": null}
{"timestamp": "2025-02-21T16:52:01.418452", "level": "INFO", "name": "src.preprocessing.preprocessing", "module": "preprocessing", "function": "add_step", "line": 225, "message": "Added preprocessing step: ocd_preprocessor", "taskName": null}
{"timestamp": "2025-02-21T16:52:01.418577", "level": "INFO", "name": "src.preprocessing.preprocessing", "module": "preprocessing", "function": "add_step", "line": 225, "message": "Added preprocessing step: domain_specific_stopword_handler", "taskName": null}
{"timestamp": "2025-02-21T16:52:01.418611", "level": "INFO", "name": "src.preprocessing.preprocessing", "module": "preprocessing", "function": "add_step", "line": 225, "message": "Added preprocessing step: medical_tokenizer", "taskName": null}
{"timestamp": "2025-02-21T16:52:01.419265", "level": "INFO", "name": "__main__", "module": "text_statistics", "function": "<module>", "line": 191, "message": "\nText Statistics:", "taskName": null}
{"timestamp": "2025-02-21T16:52:01.419299", "level": "INFO", "name": "__main__", "module": "text_statistics", "function": "<module>", "line": 193, "message": "word_count: 20.0000", "taskName": null}
{"timestamp": "2025-02-21T16:52:01.419326", "level": "INFO", "name": "__main__", "module": "text_statistics", "function": "<module>", "line": 193, "message": "sentence_count: 3.0000", "taskName": null}
{"timestamp": "2025-02-21T16:52:01.419353", "level": "INFO", "name": "__main__", "module": "text_statistics", "function": "<module>", "line": 193, "message": "avg_sentence_length: 6.6667", "taskName": null}
{"timestamp": "2025-02-21T16:52:01.419379", "level": "INFO", "name": "__main__", "module": "text_statistics", "function": "<module>", "line": 193, "message": "avg_word_length: 6.1500", "taskName": null}
{"timestamp": "2025-02-21T16:52:01.419405", "level": "INFO", "name": "__main__", "module": "text_statistics", "function": "<module>", "line": 193, "message": "scores_count: 0.0000", "taskName": null}
{"timestamp": "2025-02-21T16:52:01.419431", "level": "INFO", "name": "__main__", "module": "text_statistics", "function": "<module>", "line": 193, "message": "percentages_count: 0.0000", "taskName": null}
{"timestamp": "2025-02-21T16:52:01.419456", "level": "INFO", "name": "__main__", "module": "text_statistics", "function": "<module>", "line": 193, "message": "ranges_count: 0.0000", "taskName": null}
{"timestamp": "2025-02-21T16:52:01.419482", "level": "INFO", "name": "__main__", "module": "text_statistics", "function": "<module>", "line": 193, "message": "units_count: 0.0000", "taskName": null}
{"timestamp": "2025-02-21T16:52:01.419510", "level": "INFO", "name": "__main__", "module": "text_statistics", "function": "<module>", "line": 193, "message": "plus_minus_count: 0.0000", "taskName": null}
{"timestamp": "2025-02-21T16:52:01.419536", "level": "INFO", "name": "__main__", "module": "text_statistics", "function": "<module>", "line": 193, "message": "measurement_density: 0.0000", "taskName": null}
{"timestamp": "2025-02-21T16:52:01.419562", "level": "INFO", "name": "__main__", "module": "text_statistics", "function": "<module>", "line": 193, "message": "ocd_scores_count: 1.0000", "taskName": null}
{"timestamp": "2025-02-21T16:52:01.419587", "level": "INFO", "name": "__main__", "module": "text_statistics", "function": "<module>", "line": 193, "message": "ocd_measurements_count: 0.0000", "taskName": null}
{"timestamp": "2025-02-21T16:52:01.419613", "level": "INFO", "name": "__main__", "module": "text_statistics", "function": "<module>", "line": 193, "message": "ocd_time_patterns_count: 0.0000", "taskName": null}
{"timestamp": "2025-02-21T16:52:01.419641", "level": "INFO", "name": "__main__", "module": "text_statistics", "function": "<module>", "line": 193, "message": "avg_syllables_per_word: 3.0000", "taskName": null}
{"timestamp": "2025-02-21T16:52:01.419668", "level": "INFO", "name": "__main__", "module": "text_statistics", "function": "<module>", "line": 193, "message": "complex_words_ratio: 0.5625", "taskName": null}
{"timestamp": "2025-02-21T16:52:01.419695", "level": "INFO", "name": "__main__", "module": "text_statistics", "function": "<module>", "line": 193, "message": "flesch_reading_ease: -52.3783", "taskName": null}
{"timestamp": "2025-02-21T16:52:01.420124", "level": "INFO", "name": "__main__", "module": "text_statistics", "function": "<module>", "line": 197, "message": "\nFeature vector shape: (16,)", "taskName": null}
{"timestamp": "2025-02-21T16:52:01.420319", "level": "INFO", "name": "__main__", "module": "text_statistics", "function": "<module>", "line": 201, "message": "Number of features: 16", "taskName": null}
{"timestamp": "2025-02-21T16:52:01.420348", "level": "INFO", "name": "__main__", "module": "text_statistics", "function": "<module>", "line": 179, "message": "\nAnalyzing Parkinson text:", "taskName": null}
{"timestamp": "2025-02-21T16:52:01.420426", "level": "INFO", "name": "src.preprocessing.preprocessing", "module": "preprocessing", "function": "add_step", "line": 225, "message": "Added preprocessing step: whitespace_normalizer", "taskName": null}
{"timestamp": "2025-02-21T16:52:01.420457", "level": "INFO", "name": "src.preprocessing.preprocessing", "module": "preprocessing", "function": "add_step", "line": 225, "message": "Added preprocessing step: length_normalizer", "taskName": null}
{"timestamp": "2025-02-21T16:52:01.420489", "level": "INFO", "name": "src.preprocessing.preprocessing", "module": "preprocessing", "function": "add_step", "line": 225, "message": "Added preprocessing step: special_character_cleaner", "taskName": null}
{"timestamp": "2025-02-21T16:52:01.420518", "level": "INFO", "name": "src.preprocessing.preprocessing", "module": "preprocessing", "function": "add_step", "line": 225, "message": "Added preprocessing step: medical_score_processor", "taskName": null}
{"timestamp": "2025-02-21T16:52:01.420546", "level": "INFO", "name": "src.preprocessing.preprocessing", "module": "preprocessing", "function": "add_step", "line": 225, "message": "Added preprocessing step: medical_abbreviation_normalizer", "taskName": null}
{"timestamp": "2025-02-21T16:52:01.420576", "level": "INFO", "name": "src.preprocessing.preprocessing", "module": "preprocessing", "function": "add_step", "line": 225, "message": "Added preprocessing step: medical_term_standardizer", "taskName": null}
{"timestamp": "2025-02-21T16:52:01.420604", "level": "INFO", "name": "src.preprocessing.preprocessing", "module": "preprocessing", "function": "add_step", "line": 225, "message": "Added preprocessing step: parkinson_preprocessor", "taskName": null}
{"timestamp": "2025-02-21T16:52:01.420708", "level": "INFO", "name": "src.preprocessing.preprocessing", "module": "preprocessing", "function": "add_step", "line": 225, "message": "Added preprocessing step: domain_specific_stopword_handler", "taskName": null}
{"timestamp": "2025-02-21T16:52:01.420738", "level": "INFO", "name": "src.preprocessing.preprocessing", "module": "preprocessing", "function": "add_step", "line": 225, "message": "Added preprocessing step: medical_tokenizer", "taskName": null}
{"timestamp": "2025-02-21T16:52:01.421388", "level": "INFO", "name": "__main__", "module": "text_statistics", "function": "<module>", "line": 191, "message": "\nText Statistics:", "taskName": null}
{"timestamp": "2025-02-21T16:52:01.421420", "level": "INFO", "name": "__main__", "module": "text_statistics", "function": "<module>", "line": 193, "message": "word_count: 28.0000", "taskName": null}
{"timestamp": "2025-02-21T16:52:01.421464", "level": "INFO", "name": "__main__", "module": "text_statistics", "function": "<module>", "line": 193, "message": "sentence_count: 3.0000", "taskName": null}
{"timestamp": "2025-02-21T16:52:01.421492", "level": "INFO", "name": "__main__", "module": "text_statistics", "function": "<module>", "line": 193, "message": "avg_sentence_length: 9.3333", "taskName": null}
{"timestamp": "2025-02-21T16:52:01.421519", "level": "INFO", "name": "__main__", "module": "text_statistics", "function": "<module>", "line": 193, "message": "avg_word_length: 5.1429", "taskName": null}
{"timestamp": "2025-02-21T16:52:01.421546", "level": "INFO", "name": "__main__", "module": "text_statistics", "function": "<module>", "line": 193, "message": "scores_count: 0.0000", "taskName": null}
{"timestamp": "2025-02-21T16:52:01.421572", "level": "INFO", "name": "__main__", "module": "text_statistics", "function": "<module>", "line": 193, "message": "percentages_count: 0.0000", "taskName": null}
{"timestamp": "2025-02-21T16:52:01.421598", "level": "INFO", "name": "__main__", "module": "text_statistics", "function": "<module>", "line": 193, "message": "ranges_count: 0.0000", "taskName": null}
{"timestamp": "2025-02-21T16:52:01.421624", "level": "INFO", "name": "__main__", "module": "text_statistics", "function": "<module>", "line": 193, "message": "units_count: 1.0000", "taskName": null}
{"timestamp": "2025-02-21T16:52:01.421657", "level": "INFO", "name": "__main__", "module": "text_statistics", "function": "<module>", "line": 193, "message": "plus_minus_count: 0.0000", "taskName": null}
{"timestamp": "2025-02-21T16:52:01.421684", "level": "INFO", "name": "__main__", "module": "text_statistics", "function": "<module>", "line": 193, "message": "measurement_density: 0.0588", "taskName": null}
{"timestamp": "2025-02-21T16:52:01.421710", "level": "INFO", "name": "__main__", "module": "text_statistics", "function": "<module>", "line": 193, "message": "parkinson_scores_count: 1.0000", "taskName": null}
{"timestamp": "2025-02-21T16:52:01.421737", "level": "INFO", "name": "__main__", "module": "text_statistics", "function": "<module>", "line": 193, "message": "parkinson_measurements_count: 0.0000", "taskName": null}
{"timestamp": "2025-02-21T16:52:01.421763", "level": "INFO", "name": "__main__", "module": "text_statistics", "function": "<module>", "line": 193, "message": "parkinson_time_patterns_count: 0.0000", "taskName": null}
{"timestamp": "2025-02-21T16:52:01.421790", "level": "INFO", "name": "__main__", "module": "text_statistics", "function": "<module>", "line": 193, "message": "avg_syllables_per_word: 2.9412", "taskName": null}
{"timestamp": "2025-02-21T16:52:01.421816", "level": "INFO", "name": "__main__", "module": "text_statistics", "function": "<module>", "line": 193, "message": "complex_words_ratio: 0.6471", "taskName": null}
{"timestamp": "2025-02-21T16:52:01.421842", "level": "INFO", "name": "__main__", "module": "text_statistics", "function": "<module>", "line": 193, "message": "flesch_reading_ease: -47.7402", "taskName": null}
{"timestamp": "2025-02-21T16:52:01.422343", "level": "INFO", "name": "__main__", "module": "text_statistics", "function": "<module>", "line": 197, "message": "\nFeature vector shape: (16,)", "taskName": null}
{"timestamp": "2025-02-21T16:52:01.422528", "level": "INFO", "name": "__main__", "module": "text_statistics", "function": "<module>", "line": 201, "message": "Number of features: 16", "taskName": null}
