{"timestamp": "2025-02-21T18:12:45.258772", "level": "ERROR", "name": "DataPipeline", "module": "data_pipeline", "function": "load_data", "line": 75, "message": "Error loading data: [Errno 2] No such file or directory: 'data/prepared_data/train_features.npy'", "taskName": null}
{"timestamp": "2025-02-21T18:15:20.502325", "level": "ERROR", "name": "DataPipeline", "module": "data_pipeline", "function": "load_data", "line": 75, "message": "Error loading data: [Errno 2] No such file or directory: '../data/prepared_data/train_features.npy'", "taskName": null}
{"timestamp": "2025-02-21T18:15:36.940659", "level": "INFO", "name": "DataPipeline", "module": "data_pipeline", "function": "load_data", "line": 71, "message": "Data loaded successfully", "taskName": null}
{"timestamp": "2025-02-21T18:15:36.940757", "level": "INFO", "name": "DataPipeline", "module": "data_pipeline", "function": "_log_data_info", "line": 81, "message": "\nTrain set:", "taskName": null}
{"timestamp": "2025-02-21T18:15:36.940803", "level": "INFO", "name": "DataPipeline", "module": "data_pipeline", "function": "_log_data_info", "line": 82, "message": "Features shape: (1231, 1017)", "taskName": null}
{"timestamp": "2025-02-21T18:15:36.940839", "level": "INFO", "name": "DataPipeline", "module": "data_pipeline", "function": "_log_data_info", "line": 83, "message": "Labels shape: (1231,)", "taskName": null}
{"timestamp": "2025-02-21T18:15:36.940985", "level": "INFO", "name": "DataPipeline", "module": "data_pipeline", "function": "_log_data_info", "line": 84, "message": "Classes: [0 1 2 3 4]", "taskName": null}
{"timestamp": "2025-02-21T18:15:36.941020", "level": "INFO", "name": "DataPipeline", "module": "data_pipeline", "function": "_log_data_info", "line": 81, "message": "\nVal set:", "taskName": null}
{"timestamp": "2025-02-21T18:15:36.941052", "level": "INFO", "name": "DataPipeline", "module": "data_pipeline", "function": "_log_data_info", "line": 82, "message": "Features shape: (264, 1017)", "taskName": null}
{"timestamp": "2025-02-21T18:15:36.941083", "level": "INFO", "name": "DataPipeline", "module": "data_pipeline", "function": "_log_data_info", "line": 83, "message": "Labels shape: (264,)", "taskName": null}
{"timestamp": "2025-02-21T18:15:36.941157", "level": "INFO", "name": "DataPipeline", "module": "data_pipeline", "function": "_log_data_info", "line": 84, "message": "Classes: [0 1 2 3 4]", "taskName": null}
{"timestamp": "2025-02-21T18:15:36.941189", "level": "INFO", "name": "DataPipeline", "module": "data_pipeline", "function": "_log_data_info", "line": 81, "message": "\nTest set:", "taskName": null}
{"timestamp": "2025-02-21T18:15:36.941219", "level": "INFO", "name": "DataPipeline", "module": "data_pipeline", "function": "_log_data_info", "line": 82, "message": "Features shape: (264, 1017)", "taskName": null}
{"timestamp": "2025-02-21T18:15:36.941249", "level": "INFO", "name": "DataPipeline", "module": "data_pipeline", "function": "_log_data_info", "line": 83, "message": "Labels shape: (264,)", "taskName": null}
{"timestamp": "2025-02-21T18:15:36.941313", "level": "INFO", "name": "DataPipeline", "module": "data_pipeline", "function": "_log_data_info", "line": 84, "message": "Classes: [0 1 2 3 4]", "taskName": null}
{"timestamp": "2025-02-21T18:15:36.941362", "level": "INFO", "name": "__main__", "module": "data_pipeline", "function": "<module>", "line": 182, "message": "\nTesting cross-validation splits:", "taskName": null}
{"timestamp": "2025-02-21T18:15:36.941973", "level": "INFO", "name": "DataPipeline", "module": "data_pipeline", "function": "get_cv_splits", "line": 96, "message": "Generating split for fold 1/5", "taskName": null}
{"timestamp": "2025-02-21T18:15:36.942012", "level": "INFO", "name": "__main__", "module": "data_pipeline", "function": "<module>", "line": 184, "message": "Fold 1:", "taskName": null}
{"timestamp": "2025-02-21T18:15:36.942043", "level": "INFO", "name": "__main__", "module": "data_pipeline", "function": "<module>", "line": 185, "message": "Training samples: 984", "taskName": null}
{"timestamp": "2025-02-21T18:15:36.942072", "level": "INFO", "name": "__main__", "module": "data_pipeline", "function": "<module>", "line": 186, "message": "Validation samples: 247", "taskName": null}
{"timestamp": "2025-02-21T18:15:36.942124", "level": "INFO", "name": "DataPipeline", "module": "data_pipeline", "function": "get_cv_splits", "line": 96, "message": "Generating split for fold 2/5", "taskName": null}
{"timestamp": "2025-02-21T18:15:36.942153", "level": "INFO", "name": "__main__", "module": "data_pipeline", "function": "<module>", "line": 184, "message": "Fold 2:", "taskName": null}
{"timestamp": "2025-02-21T18:15:36.942180", "level": "INFO", "name": "__main__", "module": "data_pipeline", "function": "<module>", "line": 185, "message": "Training samples: 985", "taskName": null}
{"timestamp": "2025-02-21T18:15:36.942207", "level": "INFO", "name": "__main__", "module": "data_pipeline", "function": "<module>", "line": 186, "message": "Validation samples: 246", "taskName": null}
{"timestamp": "2025-02-21T18:15:36.942248", "level": "INFO", "name": "DataPipeline", "module": "data_pipeline", "function": "get_cv_splits", "line": 96, "message": "Generating split for fold 3/5", "taskName": null}
{"timestamp": "2025-02-21T18:15:36.942279", "level": "INFO", "name": "__main__", "module": "data_pipeline", "function": "<module>", "line": 184, "message": "Fold 3:", "taskName": null}
{"timestamp": "2025-02-21T18:15:36.942306", "level": "INFO", "name": "__main__", "module": "data_pipeline", "function": "<module>", "line": 185, "message": "Training samples: 985", "taskName": null}
{"timestamp": "2025-02-21T18:15:36.942332", "level": "INFO", "name": "__main__", "module": "data_pipeline", "function": "<module>", "line": 186, "message": "Validation samples: 246", "taskName": null}
{"timestamp": "2025-02-21T18:15:36.942374", "level": "INFO", "name": "DataPipeline", "module": "data_pipeline", "function": "get_cv_splits", "line": 96, "message": "Generating split for fold 4/5", "taskName": null}
{"timestamp": "2025-02-21T18:15:36.942402", "level": "INFO", "name": "__main__", "module": "data_pipeline", "function": "<module>", "line": 184, "message": "Fold 4:", "taskName": null}
{"timestamp": "2025-02-21T18:15:36.942429", "level": "INFO", "name": "__main__", "module": "data_pipeline", "function": "<module>", "line": 185, "message": "Training samples: 985", "taskName": null}
{"timestamp": "2025-02-21T18:15:36.942456", "level": "INFO", "name": "__main__", "module": "data_pipeline", "function": "<module>", "line": 186, "message": "Validation samples: 246", "taskName": null}
{"timestamp": "2025-02-21T18:15:36.942495", "level": "INFO", "name": "DataPipeline", "module": "data_pipeline", "function": "get_cv_splits", "line": 96, "message": "Generating split for fold 5/5", "taskName": null}
{"timestamp": "2025-02-21T18:15:36.942522", "level": "INFO", "name": "__main__", "module": "data_pipeline", "function": "<module>", "line": 184, "message": "Fold 5:", "taskName": null}
{"timestamp": "2025-02-21T18:15:36.942548", "level": "INFO", "name": "__main__", "module": "data_pipeline", "function": "<module>", "line": 185, "message": "Training samples: 985", "taskName": null}
{"timestamp": "2025-02-21T18:15:36.942574", "level": "INFO", "name": "__main__", "module": "data_pipeline", "function": "<module>", "line": 186, "message": "Validation samples: 246", "taskName": null}
{"timestamp": "2025-02-21T18:15:36.942603", "level": "INFO", "name": "__main__", "module": "data_pipeline", "function": "<module>", "line": 189, "message": "\nTesting batch generator:", "taskName": null}
{"timestamp": "2025-02-21T18:15:36.944207", "level": "INFO", "name": "__main__", "module": "data_pipeline", "function": "<module>", "line": 195, "message": "Train batches generated: 39", "taskName": null}
{"timestamp": "2025-02-21T18:15:36.944715", "level": "INFO", "name": "__main__", "module": "data_pipeline", "function": "<module>", "line": 195, "message": "Val batches generated: 9", "taskName": null}
{"timestamp": "2025-02-21T18:15:36.945197", "level": "INFO", "name": "__main__", "module": "data_pipeline", "function": "<module>", "line": 195, "message": "Test batches generated: 9", "taskName": null}
{"timestamp": "2025-02-21T18:16:59.092782", "level": "INFO", "name": "DataPipeline", "module": "data_pipeline", "function": "load_data", "line": 71, "message": "Data loaded successfully", "taskName": null}
{"timestamp": "2025-02-21T18:16:59.092881", "level": "INFO", "name": "DataPipeline", "module": "data_pipeline", "function": "_log_data_info", "line": 81, "message": "\nTrain set:", "taskName": null}
{"timestamp": "2025-02-21T18:16:59.092927", "level": "INFO", "name": "DataPipeline", "module": "data_pipeline", "function": "_log_data_info", "line": 82, "message": "Features shape: (1231, 1017)", "taskName": null}
{"timestamp": "2025-02-21T18:16:59.092959", "level": "INFO", "name": "DataPipeline", "module": "data_pipeline", "function": "_log_data_info", "line": 83, "message": "Labels shape: (1231,)", "taskName": null}
{"timestamp": "2025-02-21T18:16:59.093122", "level": "INFO", "name": "DataPipeline", "module": "data_pipeline", "function": "_log_data_info", "line": 84, "message": "Classes: [0 1 2 3 4]", "taskName": null}
{"timestamp": "2025-02-21T18:16:59.093154", "level": "INFO", "name": "DataPipeline", "module": "data_pipeline", "function": "_log_data_info", "line": 81, "message": "\nVal set:", "taskName": null}
{"timestamp": "2025-02-21T18:16:59.093184", "level": "INFO", "name": "DataPipeline", "module": "data_pipeline", "function": "_log_data_info", "line": 82, "message": "Features shape: (264, 1017)", "taskName": null}
{"timestamp": "2025-02-21T18:16:59.093216", "level": "INFO", "name": "DataPipeline", "module": "data_pipeline", "function": "_log_data_info", "line": 83, "message": "Labels shape: (264,)", "taskName": null}
{"timestamp": "2025-02-21T18:16:59.093299", "level": "INFO", "name": "DataPipeline", "module": "data_pipeline", "function": "_log_data_info", "line": 84, "message": "Classes: [0 1 2 3 4]", "taskName": null}
{"timestamp": "2025-02-21T18:16:59.093342", "level": "INFO", "name": "DataPipeline", "module": "data_pipeline", "function": "_log_data_info", "line": 81, "message": "\nTest set:", "taskName": null}
{"timestamp": "2025-02-21T18:16:59.093383", "level": "INFO", "name": "DataPipeline", "module": "data_pipeline", "function": "_log_data_info", "line": 82, "message": "Features shape: (264, 1017)", "taskName": null}
{"timestamp": "2025-02-21T18:16:59.093431", "level": "INFO", "name": "DataPipeline", "module": "data_pipeline", "function": "_log_data_info", "line": 83, "message": "Labels shape: (264,)", "taskName": null}
{"timestamp": "2025-02-21T18:16:59.093497", "level": "INFO", "name": "DataPipeline", "module": "data_pipeline", "function": "_log_data_info", "line": 84, "message": "Classes: [0 1 2 3 4]", "taskName": null}
{"timestamp": "2025-02-21T18:16:59.093546", "level": "INFO", "name": "__main__", "module": "data_pipeline", "function": "<module>", "line": 182, "message": "\nTesting cross-validation splits:", "taskName": null}
{"timestamp": "2025-02-21T18:16:59.094102", "level": "INFO", "name": "DataPipeline", "module": "data_pipeline", "function": "get_cv_splits", "line": 96, "message": "Generating split for fold 1/5", "taskName": null}
{"timestamp": "2025-02-21T18:16:59.094142", "level": "INFO", "name": "__main__", "module": "data_pipeline", "function": "<module>", "line": 184, "message": "Fold 1:", "taskName": null}
{"timestamp": "2025-02-21T18:16:59.094178", "level": "INFO", "name": "__main__", "module": "data_pipeline", "function": "<module>", "line": 185, "message": "Training samples: 984", "taskName": null}
{"timestamp": "2025-02-21T18:16:59.094211", "level": "INFO", "name": "__main__", "module": "data_pipeline", "function": "<module>", "line": 186, "message": "Validation samples: 247", "taskName": null}
{"timestamp": "2025-02-21T18:16:59.094255", "level": "INFO", "name": "DataPipeline", "module": "data_pipeline", "function": "get_cv_splits", "line": 96, "message": "Generating split for fold 2/5", "taskName": null}
{"timestamp": "2025-02-21T18:16:59.094291", "level": "INFO", "name": "__main__", "module": "data_pipeline", "function": "<module>", "line": 184, "message": "Fold 2:", "taskName": null}
{"timestamp": "2025-02-21T18:16:59.094327", "level": "INFO", "name": "__main__", "module": "data_pipeline", "function": "<module>", "line": 185, "message": "Training samples: 985", "taskName": null}
{"timestamp": "2025-02-21T18:16:59.094355", "level": "INFO", "name": "__main__", "module": "data_pipeline", "function": "<module>", "line": 186, "message": "Validation samples: 246", "taskName": null}
{"timestamp": "2025-02-21T18:16:59.094397", "level": "INFO", "name": "DataPipeline", "module": "data_pipeline", "function": "get_cv_splits", "line": 96, "message": "Generating split for fold 3/5", "taskName": null}
{"timestamp": "2025-02-21T18:16:59.094426", "level": "INFO", "name": "__main__", "module": "data_pipeline", "function": "<module>", "line": 184, "message": "Fold 3:", "taskName": null}
{"timestamp": "2025-02-21T18:16:59.094460", "level": "INFO", "name": "__main__", "module": "data_pipeline", "function": "<module>", "line": 185, "message": "Training samples: 985", "taskName": null}
{"timestamp": "2025-02-21T18:16:59.094487", "level": "INFO", "name": "__main__", "module": "data_pipeline", "function": "<module>", "line": 186, "message": "Validation samples: 246", "taskName": null}
{"timestamp": "2025-02-21T18:16:59.094529", "level": "INFO", "name": "DataPipeline", "module": "data_pipeline", "function": "get_cv_splits", "line": 96, "message": "Generating split for fold 4/5", "taskName": null}
{"timestamp": "2025-02-21T18:16:59.094560", "level": "INFO", "name": "__main__", "module": "data_pipeline", "function": "<module>", "line": 184, "message": "Fold 4:", "taskName": null}
{"timestamp": "2025-02-21T18:16:59.094586", "level": "INFO", "name": "__main__", "module": "data_pipeline", "function": "<module>", "line": 185, "message": "Training samples: 985", "taskName": null}
{"timestamp": "2025-02-21T18:16:59.094611", "level": "INFO", "name": "__main__", "module": "data_pipeline", "function": "<module>", "line": 186, "message": "Validation samples: 246", "taskName": null}
{"timestamp": "2025-02-21T18:16:59.094648", "level": "INFO", "name": "DataPipeline", "module": "data_pipeline", "function": "get_cv_splits", "line": 96, "message": "Generating split for fold 5/5", "taskName": null}
{"timestamp": "2025-02-21T18:16:59.094673", "level": "INFO", "name": "__main__", "module": "data_pipeline", "function": "<module>", "line": 184, "message": "Fold 5:", "taskName": null}
{"timestamp": "2025-02-21T18:16:59.094697", "level": "INFO", "name": "__main__", "module": "data_pipeline", "function": "<module>", "line": 185, "message": "Training samples: 985", "taskName": null}
{"timestamp": "2025-02-21T18:16:59.094721", "level": "INFO", "name": "__main__", "module": "data_pipeline", "function": "<module>", "line": 186, "message": "Validation samples: 246", "taskName": null}
{"timestamp": "2025-02-21T18:16:59.094747", "level": "INFO", "name": "__main__", "module": "data_pipeline", "function": "<module>", "line": 189, "message": "\nTesting batch generator:", "taskName": null}
{"timestamp": "2025-02-21T18:16:59.096629", "level": "INFO", "name": "__main__", "module": "data_pipeline", "function": "<module>", "line": 195, "message": "Train batches generated: 39", "taskName": null}
{"timestamp": "2025-02-21T18:16:59.097295", "level": "INFO", "name": "__main__", "module": "data_pipeline", "function": "<module>", "line": 195, "message": "Val batches generated: 9", "taskName": null}
{"timestamp": "2025-02-21T18:16:59.097852", "level": "INFO", "name": "__main__", "module": "data_pipeline", "function": "<module>", "line": 195, "message": "Test batches generated: 9", "taskName": null}
{"timestamp": "2025-02-21T18:23:37.117350", "level": "INFO", "name": "DataPipeline", "module": "data_pipeline", "function": "load_data", "line": 74, "message": "Data loaded successfully", "taskName": null}
{"timestamp": "2025-02-21T18:23:37.117581", "level": "INFO", "name": "DataPipeline", "module": "data_pipeline", "function": "_log_data_info", "line": 84, "message": "\nTrain set:", "taskName": null}
{"timestamp": "2025-02-21T18:23:37.117673", "level": "INFO", "name": "DataPipeline", "module": "data_pipeline", "function": "_log_data_info", "line": 85, "message": "Features shape: (1231, 1017)", "taskName": null}
{"timestamp": "2025-02-21T18:23:37.117708", "level": "INFO", "name": "DataPipeline", "module": "data_pipeline", "function": "_log_data_info", "line": 86, "message": "Labels shape: (1231,)", "taskName": null}
{"timestamp": "2025-02-21T18:23:37.117852", "level": "INFO", "name": "DataPipeline", "module": "data_pipeline", "function": "_log_data_info", "line": 87, "message": "Classes: [0 1 2 3 4]", "taskName": null}
{"timestamp": "2025-02-21T18:23:37.117882", "level": "INFO", "name": "DataPipeline", "module": "data_pipeline", "function": "_log_data_info", "line": 84, "message": "\nVal set:", "taskName": null}
{"timestamp": "2025-02-21T18:23:37.117912", "level": "INFO", "name": "DataPipeline", "module": "data_pipeline", "function": "_log_data_info", "line": 85, "message": "Features shape: (264, 1017)", "taskName": null}
{"timestamp": "2025-02-21T18:23:37.117941", "level": "INFO", "name": "DataPipeline", "module": "data_pipeline", "function": "_log_data_info", "line": 86, "message": "Labels shape: (264,)", "taskName": null}
{"timestamp": "2025-02-21T18:23:37.118013", "level": "INFO", "name": "DataPipeline", "module": "data_pipeline", "function": "_log_data_info", "line": 87, "message": "Classes: [0 1 2 3 4]", "taskName": null}
{"timestamp": "2025-02-21T18:23:37.118042", "level": "INFO", "name": "DataPipeline", "module": "data_pipeline", "function": "_log_data_info", "line": 84, "message": "\nTest set:", "taskName": null}
{"timestamp": "2025-02-21T18:23:37.118069", "level": "INFO", "name": "DataPipeline", "module": "data_pipeline", "function": "_log_data_info", "line": 85, "message": "Features shape: (264, 1017)", "taskName": null}
{"timestamp": "2025-02-21T18:23:37.118097", "level": "INFO", "name": "DataPipeline", "module": "data_pipeline", "function": "_log_data_info", "line": 86, "message": "Labels shape: (264,)", "taskName": null}
{"timestamp": "2025-02-21T18:23:37.118159", "level": "INFO", "name": "DataPipeline", "module": "data_pipeline", "function": "_log_data_info", "line": 87, "message": "Classes: [0 1 2 3 4]", "taskName": null}
{"timestamp": "2025-02-21T18:23:37.118215", "level": "INFO", "name": "__main__", "module": "data_pipeline", "function": "<module>", "line": 180, "message": "\nTesting cross-validation splits:", "taskName": null}
{"timestamp": "2025-02-21T18:23:37.118934", "level": "INFO", "name": "DataPipeline", "module": "data_pipeline", "function": "get_cv_splits", "line": 98, "message": "Generating split for fold 1/5", "taskName": null}
{"timestamp": "2025-02-21T18:23:37.118975", "level": "INFO", "name": "__main__", "module": "data_pipeline", "function": "<module>", "line": 182, "message": "Fold 1:", "taskName": null}
{"timestamp": "2025-02-21T18:23:37.119008", "level": "INFO", "name": "__main__", "module": "data_pipeline", "function": "<module>", "line": 183, "message": "Training samples: 984", "taskName": null}
{"timestamp": "2025-02-21T18:23:37.119035", "level": "INFO", "name": "__main__", "module": "data_pipeline", "function": "<module>", "line": 184, "message": "Validation samples: 247", "taskName": null}
{"timestamp": "2025-02-21T18:23:37.119078", "level": "INFO", "name": "DataPipeline", "module": "data_pipeline", "function": "get_cv_splits", "line": 98, "message": "Generating split for fold 2/5", "taskName": null}
{"timestamp": "2025-02-21T18:23:37.119107", "level": "INFO", "name": "__main__", "module": "data_pipeline", "function": "<module>", "line": 182, "message": "Fold 2:", "taskName": null}
{"timestamp": "2025-02-21T18:23:37.119133", "level": "INFO", "name": "__main__", "module": "data_pipeline", "function": "<module>", "line": 183, "message": "Training samples: 985", "taskName": null}
{"timestamp": "2025-02-21T18:23:37.119158", "level": "INFO", "name": "__main__", "module": "data_pipeline", "function": "<module>", "line": 184, "message": "Validation samples: 246", "taskName": null}
{"timestamp": "2025-02-21T18:23:37.119204", "level": "INFO", "name": "DataPipeline", "module": "data_pipeline", "function": "get_cv_splits", "line": 98, "message": "Generating split for fold 3/5", "taskName": null}
{"timestamp": "2025-02-21T18:23:37.119232", "level": "INFO", "name": "__main__", "module": "data_pipeline", "function": "<module>", "line": 182, "message": "Fold 3:", "taskName": null}
{"timestamp": "2025-02-21T18:23:37.119258", "level": "INFO", "name": "__main__", "module": "data_pipeline", "function": "<module>", "line": 183, "message": "Training samples: 985", "taskName": null}
{"timestamp": "2025-02-21T18:23:37.119285", "level": "INFO", "name": "__main__", "module": "data_pipeline", "function": "<module>", "line": 184, "message": "Validation samples: 246", "taskName": null}
{"timestamp": "2025-02-21T18:23:37.119326", "level": "INFO", "name": "DataPipeline", "module": "data_pipeline", "function": "get_cv_splits", "line": 98, "message": "Generating split for fold 4/5", "taskName": null}
{"timestamp": "2025-02-21T18:23:37.119353", "level": "INFO", "name": "__main__", "module": "data_pipeline", "function": "<module>", "line": 182, "message": "Fold 4:", "taskName": null}
{"timestamp": "2025-02-21T18:23:37.119380", "level": "INFO", "name": "__main__", "module": "data_pipeline", "function": "<module>", "line": 183, "message": "Training samples: 985", "taskName": null}
{"timestamp": "2025-02-21T18:23:37.119408", "level": "INFO", "name": "__main__", "module": "data_pipeline", "function": "<module>", "line": 184, "message": "Validation samples: 246", "taskName": null}
{"timestamp": "2025-02-21T18:23:37.119449", "level": "INFO", "name": "DataPipeline", "module": "data_pipeline", "function": "get_cv_splits", "line": 98, "message": "Generating split for fold 5/5", "taskName": null}
{"timestamp": "2025-02-21T18:23:37.119479", "level": "INFO", "name": "__main__", "module": "data_pipeline", "function": "<module>", "line": 182, "message": "Fold 5:", "taskName": null}
{"timestamp": "2025-02-21T18:23:37.119507", "level": "INFO", "name": "__main__", "module": "data_pipeline", "function": "<module>", "line": 183, "message": "Training samples: 985", "taskName": null}
{"timestamp": "2025-02-21T18:23:37.119535", "level": "INFO", "name": "__main__", "module": "data_pipeline", "function": "<module>", "line": 184, "message": "Validation samples: 246", "taskName": null}
{"timestamp": "2025-02-21T18:23:37.119566", "level": "INFO", "name": "__main__", "module": "data_pipeline", "function": "<module>", "line": 187, "message": "\nTesting batch generator:", "taskName": null}
{"timestamp": "2025-02-21T18:23:37.121540", "level": "INFO", "name": "DataPipeline", "module": "data_pipeline", "function": "_save_to_cache", "line": 166, "message": "Saved cache with key: train_batch_32", "taskName": null}
{"timestamp": "2025-02-21T18:23:37.123078", "level": "INFO", "name": "__main__", "module": "data_pipeline", "function": "<module>", "line": 193, "message": "Train batches generated: 39", "taskName": null}
{"timestamp": "2025-02-21T18:23:37.123764", "level": "INFO", "name": "DataPipeline", "module": "data_pipeline", "function": "_save_to_cache", "line": 166, "message": "Saved cache with key: val_batch_32", "taskName": null}
{"timestamp": "2025-02-21T18:23:37.124254", "level": "INFO", "name": "__main__", "module": "data_pipeline", "function": "<module>", "line": 193, "message": "Val batches generated: 9", "taskName": null}
{"timestamp": "2025-02-21T18:23:37.124860", "level": "INFO", "name": "DataPipeline", "module": "data_pipeline", "function": "_save_to_cache", "line": 166, "message": "Saved cache with key: test_batch_32", "taskName": null}
{"timestamp": "2025-02-21T18:23:37.125348", "level": "INFO", "name": "__main__", "module": "data_pipeline", "function": "<module>", "line": 193, "message": "Test batches generated: 9", "taskName": null}
